
*** Running vivado
    with args -log system_wrapper.vds -m64 -product Vivado -mode batch -messageDb vivado.pb -notrace -source system_wrapper.tcl


****** Vivado v2022.2 (64-bit)
  **** SW Build 3671981 on Fri Oct 14 04:59:54 MDT 2022
  **** IP Build 3669848 on Fri Oct 14 08:30:02 MDT 2022
    ** Copyright 1986-2022 Xilinx, Inc. All Rights Reserved.

source system_wrapper.tcl -notrace
create_project: Time (s): cpu = 00:00:07 ; elapsed = 00:00:07 . Memory (MB): peak = 1312.789 ; gain = 0.023 ; free physical = 3040 ; free virtual = 6643
INFO: [IP_Flow 19-234] Refreshing IP repositories
INFO: [IP_Flow 19-1704] No user IP repositories specified
INFO: [IP_Flow 19-2313] Loaded Vivado IP repository '/tools/Xilinx/Vivado/2022.2/data/ip'.
add_files: Time (s): cpu = 00:00:05 ; elapsed = 00:00:06 . Memory (MB): peak = 1392.828 ; gain = 80.039 ; free physical = 3038 ; free virtual = 6642
Command: read_checkpoint -auto_incremental -incremental /home/rrr/XP/xup_fpga/lab3/lab3.srcs/utils_1/imports/synth_1/system_wrapper.dcp
INFO: [Vivado 12-5825] Read reference checkpoint from /home/rrr/XP/xup_fpga/lab3/lab3.srcs/utils_1/imports/synth_1/system_wrapper.dcp for incremental synthesis
INFO: [Vivado 12-7989] Please ensure there are no constraint changes
Command: synth_design -top system_wrapper -part xc7z020clg400-1
Starting synth_design
Attempting to get a license for feature 'Synthesis' and/or device 'xc7z020'
INFO: [Common 17-349] Got license for feature 'Synthesis' and/or device 'xc7z020'
INFO: [Device 21-403] Loading part xc7z020clg400-1
INFO: [Designutils 20-5440] No compile time benefit to using incremental synthesis; A full resynthesis will be run
INFO: [Designutils 20-4379] Flow is switching to default flow due to incremental criteria not met. If you would like to alter this behaviour and have the flow terminate instead, please set the following parameter config_implementation {autoIncr.Synth.RejectBehavior Terminate}
INFO: [Synth 8-7079] Multithreading enabled for synth_design using a maximum of 4 processes.
INFO: [Synth 8-7078] Launching helper process for spawning children vivado processes
INFO: [Synth 8-7075] Helper process launched with PID 15963
INFO: [Synth 8-11241] undeclared symbol 'REGCCE', assumed default net type 'wire' [/tools/Xilinx/Vivado/2022.2/data/verilog/src/unimacro/BRAM_SINGLE_MACRO.v:2170]
---------------------------------------------------------------------------------
Starting RTL Elaboration : Time (s): cpu = 00:00:04 ; elapsed = 00:00:04 . Memory (MB): peak = 2002.188 ; gain = 362.727 ; free physical = 2166 ; free virtual = 5770
Synthesis current peak Physical Memory [PSS] (MB): peak = 1421.476; parent = 1207.128; children = 214.348
Synthesis current peak Virtual Memory [VSS] (MB): peak = 2955.492; parent = 2002.188; children = 953.305
---------------------------------------------------------------------------------
INFO: [Synth 8-6157] synthesizing module 'system_wrapper' [/home/rrr/XP/xup_fpga/lab3/lab3.srcs/sources_1/imports/system_wrapper.v:12]
INFO: [Synth 8-6157] synthesizing module 'system' [/home/rrr/XP/xup_fpga/lab3/lab3.gen/sources_1/bd/system/synth/system.v:12]
INFO: [Synth 8-6157] synthesizing module 'system_processing_system7_0_0' [/home/rrr/XP/xup_fpga/lab3/lab3.runs/synth_1/.Xil/Vivado-15902-DESKTOP-LCJND1O/realtime/system_processing_system7_0_0_stub.v:5]
INFO: [Synth 8-6155] done synthesizing module 'system_processing_system7_0_0' (0#1) [/home/rrr/XP/xup_fpga/lab3/lab3.runs/synth_1/.Xil/Vivado-15902-DESKTOP-LCJND1O/realtime/system_processing_system7_0_0_stub.v:5]
WARNING: [Synth 8-7071] port 'GPIO_T' of module 'system_processing_system7_0_0' is unconnected for instance 'processing_system7_0' [/home/rrr/XP/xup_fpga/lab3/lab3.gen/sources_1/bd/system/synth/system.v:96]
WARNING: [Synth 8-7023] instance 'processing_system7_0' of module 'system_processing_system7_0_0' has 24 connections declared, but only 23 given [/home/rrr/XP/xup_fpga/lab3/lab3.gen/sources_1/bd/system/synth/system.v:96]
INFO: [Synth 8-6157] synthesizing module 'system_uart_led_0_0' [/home/rrr/XP/xup_fpga/lab3/lab3.runs/synth_1/.Xil/Vivado-15902-DESKTOP-LCJND1O/realtime/system_uart_led_0_0_stub.v:5]
INFO: [Synth 8-6155] done synthesizing module 'system_uart_led_0_0' (0#1) [/home/rrr/XP/xup_fpga/lab3/lab3.runs/synth_1/.Xil/Vivado-15902-DESKTOP-LCJND1O/realtime/system_uart_led_0_0_stub.v:5]
INFO: [Synth 8-6155] done synthesizing module 'system' (0#1) [/home/rrr/XP/xup_fpga/lab3/lab3.gen/sources_1/bd/system/synth/system.v:12]
INFO: [Synth 8-6155] done synthesizing module 'system_wrapper' (0#1) [/home/rrr/XP/xup_fpga/lab3/lab3.srcs/sources_1/imports/system_wrapper.v:12]
---------------------------------------------------------------------------------
Finished RTL Elaboration : Time (s): cpu = 00:00:06 ; elapsed = 00:00:06 . Memory (MB): peak = 2070.156 ; gain = 430.695 ; free physical = 2242 ; free virtual = 5847
Synthesis current peak Physical Memory [PSS] (MB): peak = 1421.476; parent = 1207.128; children = 214.348
Synthesis current peak Virtual Memory [VSS] (MB): peak = 3023.461; parent = 2070.156; children = 953.305
---------------------------------------------------------------------------------
---------------------------------------------------------------------------------
Start Handling Custom Attributes
---------------------------------------------------------------------------------
---------------------------------------------------------------------------------
Finished Handling Custom Attributes : Time (s): cpu = 00:00:06 ; elapsed = 00:00:06 . Memory (MB): peak = 2087.969 ; gain = 448.508 ; free physical = 2243 ; free virtual = 5847
Synthesis current peak Physical Memory [PSS] (MB): peak = 1421.476; parent = 1207.128; children = 214.348
Synthesis current peak Virtual Memory [VSS] (MB): peak = 3041.273; parent = 2087.969; children = 953.305
---------------------------------------------------------------------------------
---------------------------------------------------------------------------------
Finished RTL Optimization Phase 1 : Time (s): cpu = 00:00:06 ; elapsed = 00:00:06 . Memory (MB): peak = 2087.969 ; gain = 448.508 ; free physical = 2243 ; free virtual = 5847
Synthesis current peak Physical Memory [PSS] (MB): peak = 1421.476; parent = 1207.128; children = 214.348
Synthesis current peak Virtual Memory [VSS] (MB): peak = 3041.273; parent = 2087.969; children = 953.305
---------------------------------------------------------------------------------
Netlist sorting complete. Time (s): cpu = 00:00:00 ; elapsed = 00:00:00 . Memory (MB): peak = 2087.969 ; gain = 0.000 ; free physical = 2236 ; free virtual = 5840
INFO: [Project 1-570] Preparing netlist for logic optimization

Processing XDC Constraints
Initializing timing engine
Parsing XDC File [/home/rrr/XP/xup_fpga/lab3/lab3.gen/sources_1/bd/system/ip/system_processing_system7_0_0/system_processing_system7_0_0/system_processing_system7_0_0_in_context.xdc] for cell 'system_i/processing_system7_0'
Finished Parsing XDC File [/home/rrr/XP/xup_fpga/lab3/lab3.gen/sources_1/bd/system/ip/system_processing_system7_0_0/system_processing_system7_0_0/system_processing_system7_0_0_in_context.xdc] for cell 'system_i/processing_system7_0'
Parsing XDC File [/home/rrr/XP/xup_fpga/lab3/lab3.gen/sources_1/bd/system/ip/system_uart_led_0_0/system_uart_led_0_0/system_uart_led_0_0_in_context.xdc] for cell 'system_i/uart_led_0'
Finished Parsing XDC File [/home/rrr/XP/xup_fpga/lab3/lab3.gen/sources_1/bd/system/ip/system_uart_led_0_0/system_uart_led_0_0/system_uart_led_0_0_in_context.xdc] for cell 'system_i/uart_led_0'
Parsing XDC File [/home/rrr/XP/xup_fpga/lab3/lab3.srcs/constrs_1/imports/lab2/uart_led_pins_pynq.xdc]
Finished Parsing XDC File [/home/rrr/XP/xup_fpga/lab3/lab3.srcs/constrs_1/imports/lab2/uart_led_pins_pynq.xdc]
INFO: [Project 1-236] Implementation specific constraints were found while reading constraint file [/home/rrr/XP/xup_fpga/lab3/lab3.srcs/constrs_1/imports/lab2/uart_led_pins_pynq.xdc]. These constraints will be ignored for synthesis but will be used in implementation. Impacted constraints are listed in the file [.Xil/system_wrapper_propImpl.xdc].
Resolution: To avoid this warning, move constraints listed in [.Xil/system_wrapper_propImpl.xdc] to another XDC file and exclude this new file from synthesis with the used_in_synthesis property (File Properties dialog in GUI) and re-run elaboration/synthesis.
Parsing XDC File [/home/rrr/XP/xup_fpga/lab3/lab3.srcs/constrs_1/imports/lab2/uart_led_timing_pynq.xdc]
INFO: [Constraints 18-483] create_clock: no pin(s)/port(s)/net(s) specified as objects, only virtual clock 'virtual_clock' will be created. If you don't want this, please specify pin(s)/ports(s)/net(s) as objects to the command. [/home/rrr/XP/xup_fpga/lab3/lab3.srcs/constrs_1/imports/lab2/uart_led_timing_pynq.xdc:27]
Finished Parsing XDC File [/home/rrr/XP/xup_fpga/lab3/lab3.srcs/constrs_1/imports/lab2/uart_led_timing_pynq.xdc]
Parsing XDC File [/home/rrr/XP/xup_fpga/lab3/lab3.runs/synth_1/dont_touch.xdc]
Finished Parsing XDC File [/home/rrr/XP/xup_fpga/lab3/lab3.runs/synth_1/dont_touch.xdc]
Completed Processing XDC Constraints

Netlist sorting complete. Time (s): cpu = 00:00:00 ; elapsed = 00:00:00 . Memory (MB): peak = 2136.895 ; gain = 0.000 ; free physical = 2149 ; free virtual = 5753
INFO: [Project 1-111] Unisim Transformation Summary:
No Unisim elements were transformed.

Constraint Validation Runtime : Time (s): cpu = 00:00:00 ; elapsed = 00:00:00 . Memory (MB): peak = 2136.895 ; gain = 0.000 ; free physical = 2149 ; free virtual = 5753
INFO: [Designutils 20-5440] No compile time benefit to using incremental synthesis; A full resynthesis will be run
INFO: [Designutils 20-4379] Flow is switching to default flow due to incremental criteria not met. If you would like to alter this behaviour and have the flow terminate instead, please set the following parameter config_implementation {autoIncr.Synth.RejectBehavior Terminate}
INFO: [Synth 8-11241] undeclared symbol 'REGCCE', assumed default net type 'wire' [/tools/Xilinx/Vivado/2022.2/data/verilog/src/unimacro/BRAM_SINGLE_MACRO.v:2170]
---------------------------------------------------------------------------------
Finished Constraint Validation : Time (s): cpu = 00:00:13 ; elapsed = 00:00:14 . Memory (MB): peak = 2136.895 ; gain = 497.434 ; free physical = 2226 ; free virtual = 5830
Synthesis current peak Physical Memory [PSS] (MB): peak = 1423.832; parent = 1209.867; children = 214.348
Synthesis current peak Virtual Memory [VSS] (MB): peak = 3058.184; parent = 2104.879; children = 953.305
---------------------------------------------------------------------------------
---------------------------------------------------------------------------------
Start Loading Part and Timing Information
---------------------------------------------------------------------------------
Loading part: xc7z020clg400-1
---------------------------------------------------------------------------------
Finished Loading Part and Timing Information : Time (s): cpu = 00:00:13 ; elapsed = 00:00:14 . Memory (MB): peak = 2136.895 ; gain = 497.434 ; free physical = 2226 ; free virtual = 5830
Synthesis current peak Physical Memory [PSS] (MB): peak = 1423.832; parent = 1209.867; children = 214.348
Synthesis current peak Virtual Memory [VSS] (MB): peak = 3058.184; parent = 2104.879; children = 953.305
---------------------------------------------------------------------------------
---------------------------------------------------------------------------------
Start Applying 'set_property' XDC Constraints
---------------------------------------------------------------------------------
Applied set_property IO_BUFFER_TYPE = NONE for DDR_addr[0]. (constraint file  /home/rrr/XP/xup_fpga/lab3/lab3.gen/sources_1/bd/system/ip/system_processing_system7_0_0/system_processing_system7_0_0/system_processing_system7_0_0_in_context.xdc, line 1).
Applied set_property CLOCK_BUFFER_TYPE = NONE for DDR_addr[0]. (constraint file  /home/rrr/XP/xup_fpga/lab3/lab3.gen/sources_1/bd/system/ip/system_processing_system7_0_0/system_processing_system7_0_0/system_processing_system7_0_0_in_context.xdc, line 2).
Applied set_property IO_BUFFER_TYPE = NONE for DDR_addr[10]. (constraint file  /home/rrr/XP/xup_fpga/lab3/lab3.gen/sources_1/bd/system/ip/system_processing_system7_0_0/system_processing_system7_0_0/system_processing_system7_0_0_in_context.xdc, line 3).
Applied set_property CLOCK_BUFFER_TYPE = NONE for DDR_addr[10]. (constraint file  /home/rrr/XP/xup_fpga/lab3/lab3.gen/sources_1/bd/system/ip/system_processing_system7_0_0/system_processing_system7_0_0/system_processing_system7_0_0_in_context.xdc, line 4).
Applied set_property IO_BUFFER_TYPE = NONE for DDR_addr[11]. (constraint file  /home/rrr/XP/xup_fpga/lab3/lab3.gen/sources_1/bd/system/ip/system_processing_system7_0_0/system_processing_system7_0_0/system_processing_system7_0_0_in_context.xdc, line 5).
Applied set_property CLOCK_BUFFER_TYPE = NONE for DDR_addr[11]. (constraint file  /home/rrr/XP/xup_fpga/lab3/lab3.gen/sources_1/bd/system/ip/system_processing_system7_0_0/system_processing_system7_0_0/system_processing_system7_0_0_in_context.xdc, line 6).
Applied set_property IO_BUFFER_TYPE = NONE for DDR_addr[12]. (constraint file  /home/rrr/XP/xup_fpga/lab3/lab3.gen/sources_1/bd/system/ip/system_processing_system7_0_0/system_processing_system7_0_0/system_processing_system7_0_0_in_context.xdc, line 7).
Applied set_property CLOCK_BUFFER_TYPE = NONE for DDR_addr[12]. (constraint file  /home/rrr/XP/xup_fpga/lab3/lab3.gen/sources_1/bd/system/ip/system_processing_system7_0_0/system_processing_system7_0_0/system_processing_system7_0_0_in_context.xdc, line 8).
Applied set_property IO_BUFFER_TYPE = NONE for DDR_addr[13]. (constraint file  /home/rrr/XP/xup_fpga/lab3/lab3.gen/sources_1/bd/system/ip/system_processing_system7_0_0/system_processing_system7_0_0/system_processing_system7_0_0_in_context.xdc, line 9).
Applied set_property CLOCK_BUFFER_TYPE = NONE for DDR_addr[13]. (constraint file  /home/rrr/XP/xup_fpga/lab3/lab3.gen/sources_1/bd/system/ip/system_processing_system7_0_0/system_processing_system7_0_0/system_processing_system7_0_0_in_context.xdc, line 10).
Applied set_property IO_BUFFER_TYPE = NONE for DDR_addr[14]. (constraint file  /home/rrr/XP/xup_fpga/lab3/lab3.gen/sources_1/bd/system/ip/system_processing_system7_0_0/system_processing_system7_0_0/system_processing_system7_0_0_in_context.xdc, line 11).
Applied set_property CLOCK_BUFFER_TYPE = NONE for DDR_addr[14]. (constraint file  /home/rrr/XP/xup_fpga/lab3/lab3.gen/sources_1/bd/system/ip/system_processing_system7_0_0/system_processing_system7_0_0/system_processing_system7_0_0_in_context.xdc, line 12).
Applied set_property IO_BUFFER_TYPE = NONE for DDR_addr[1]. (constraint file  /home/rrr/XP/xup_fpga/lab3/lab3.gen/sources_1/bd/system/ip/system_processing_system7_0_0/system_processing_system7_0_0/system_processing_system7_0_0_in_context.xdc, line 13).
Applied set_property CLOCK_BUFFER_TYPE = NONE for DDR_addr[1]. (constraint file  /home/rrr/XP/xup_fpga/lab3/lab3.gen/sources_1/bd/system/ip/system_processing_system7_0_0/system_processing_system7_0_0/system_processing_system7_0_0_in_context.xdc, line 14).
Applied set_property IO_BUFFER_TYPE = NONE for DDR_addr[2]. (constraint file  /home/rrr/XP/xup_fpga/lab3/lab3.gen/sources_1/bd/system/ip/system_processing_system7_0_0/system_processing_system7_0_0/system_processing_system7_0_0_in_context.xdc, line 15).
Applied set_property CLOCK_BUFFER_TYPE = NONE for DDR_addr[2]. (constraint file  /home/rrr/XP/xup_fpga/lab3/lab3.gen/sources_1/bd/system/ip/system_processing_system7_0_0/system_processing_system7_0_0/system_processing_system7_0_0_in_context.xdc, line 16).
Applied set_property IO_BUFFER_TYPE = NONE for DDR_addr[3]. (constraint file  /home/rrr/XP/xup_fpga/lab3/lab3.gen/sources_1/bd/system/ip/system_processing_system7_0_0/system_processing_system7_0_0/system_processing_system7_0_0_in_context.xdc, line 17).
Applied set_property CLOCK_BUFFER_TYPE = NONE for DDR_addr[3]. (constraint file  /home/rrr/XP/xup_fpga/lab3/lab3.gen/sources_1/bd/system/ip/system_processing_system7_0_0/system_processing_system7_0_0/system_processing_system7_0_0_in_context.xdc, line 18).
Applied set_property IO_BUFFER_TYPE = NONE for DDR_addr[4]. (constraint file  /home/rrr/XP/xup_fpga/lab3/lab3.gen/sources_1/bd/system/ip/system_processing_system7_0_0/system_processing_system7_0_0/system_processing_system7_0_0_in_context.xdc, line 19).
Applied set_property CLOCK_BUFFER_TYPE = NONE for DDR_addr[4]. (constraint file  /home/rrr/XP/xup_fpga/lab3/lab3.gen/sources_1/bd/system/ip/system_processing_system7_0_0/system_processing_system7_0_0/system_processing_system7_0_0_in_context.xdc, line 20).
Applied set_property IO_BUFFER_TYPE = NONE for DDR_addr[5]. (constraint file  /home/rrr/XP/xup_fpga/lab3/lab3.gen/sources_1/bd/system/ip/system_processing_system7_0_0/system_processing_system7_0_0/system_processing_system7_0_0_in_context.xdc, line 21).
Applied set_property CLOCK_BUFFER_TYPE = NONE for DDR_addr[5]. (constraint file  /home/rrr/XP/xup_fpga/lab3/lab3.gen/sources_1/bd/system/ip/system_processing_system7_0_0/system_processing_system7_0_0/system_processing_system7_0_0_in_context.xdc, line 22).
Applied set_property IO_BUFFER_TYPE = NONE for DDR_addr[6]. (constraint file  /home/rrr/XP/xup_fpga/lab3/lab3.gen/sources_1/bd/system/ip/system_processing_system7_0_0/system_processing_system7_0_0/system_processing_system7_0_0_in_context.xdc, line 23).
Applied set_property CLOCK_BUFFER_TYPE = NONE for DDR_addr[6]. (constraint file  /home/rrr/XP/xup_fpga/lab3/lab3.gen/sources_1/bd/system/ip/system_processing_system7_0_0/system_processing_system7_0_0/system_processing_system7_0_0_in_context.xdc, line 24).
Applied set_property IO_BUFFER_TYPE = NONE for DDR_addr[7]. (constraint file  /home/rrr/XP/xup_fpga/lab3/lab3.gen/sources_1/bd/system/ip/system_processing_system7_0_0/system_processing_system7_0_0/system_processing_system7_0_0_in_context.xdc, line 25).
Applied set_property CLOCK_BUFFER_TYPE = NONE for DDR_addr[7]. (constraint file  /home/rrr/XP/xup_fpga/lab3/lab3.gen/sources_1/bd/system/ip/system_processing_system7_0_0/system_processing_system7_0_0/system_processing_system7_0_0_in_context.xdc, line 26).
Applied set_property IO_BUFFER_TYPE = NONE for DDR_addr[8]. (constraint file  /home/rrr/XP/xup_fpga/lab3/lab3.gen/sources_1/bd/system/ip/system_processing_system7_0_0/system_processing_system7_0_0/system_processing_system7_0_0_in_context.xdc, line 27).
Applied set_property CLOCK_BUFFER_TYPE = NONE for DDR_addr[8]. (constraint file  /home/rrr/XP/xup_fpga/lab3/lab3.gen/sources_1/bd/system/ip/system_processing_system7_0_0/system_processing_system7_0_0/system_processing_system7_0_0_in_context.xdc, line 28).
Applied set_property IO_BUFFER_TYPE = NONE for DDR_addr[9]. (constraint file  /home/rrr/XP/xup_fpga/lab3/lab3.gen/sources_1/bd/system/ip/system_processing_system7_0_0/system_processing_system7_0_0/system_processing_system7_0_0_in_context.xdc, line 29).
Applied set_property CLOCK_BUFFER_TYPE = NONE for DDR_addr[9]. (constraint file  /home/rrr/XP/xup_fpga/lab3/lab3.gen/sources_1/bd/system/ip/system_processing_system7_0_0/system_processing_system7_0_0/system_processing_system7_0_0_in_context.xdc, line 30).
Applied set_property IO_BUFFER_TYPE = NONE for DDR_ba[0]. (constraint file  /home/rrr/XP/xup_fpga/lab3/lab3.gen/sources_1/bd/system/ip/system_processing_system7_0_0/system_processing_system7_0_0/system_processing_system7_0_0_in_context.xdc, line 31).
Applied set_property CLOCK_BUFFER_TYPE = NONE for DDR_ba[0]. (constraint file  /home/rrr/XP/xup_fpga/lab3/lab3.gen/sources_1/bd/system/ip/system_processing_system7_0_0/system_processing_system7_0_0/system_processing_system7_0_0_in_context.xdc, line 32).
Applied set_property IO_BUFFER_TYPE = NONE for DDR_ba[1]. (constraint file  /home/rrr/XP/xup_fpga/lab3/lab3.gen/sources_1/bd/system/ip/system_processing_system7_0_0/system_processing_system7_0_0/system_processing_system7_0_0_in_context.xdc, line 33).
Applied set_property CLOCK_BUFFER_TYPE = NONE for DDR_ba[1]. (constraint file  /home/rrr/XP/xup_fpga/lab3/lab3.gen/sources_1/bd/system/ip/system_processing_system7_0_0/system_processing_system7_0_0/system_processing_system7_0_0_in_context.xdc, line 34).
Applied set_property IO_BUFFER_TYPE = NONE for DDR_ba[2]. (constraint file  /home/rrr/XP/xup_fpga/lab3/lab3.gen/sources_1/bd/system/ip/system_processing_system7_0_0/system_processing_system7_0_0/system_processing_system7_0_0_in_context.xdc, line 35).
Applied set_property CLOCK_BUFFER_TYPE = NONE for DDR_ba[2]. (constraint file  /home/rrr/XP/xup_fpga/lab3/lab3.gen/sources_1/bd/system/ip/system_processing_system7_0_0/system_processing_system7_0_0/system_processing_system7_0_0_in_context.xdc, line 36).
Applied set_property IO_BUFFER_TYPE = NONE for DDR_cas_n. (constraint file  /home/rrr/XP/xup_fpga/lab3/lab3.gen/sources_1/bd/system/ip/system_processing_system7_0_0/system_processing_system7_0_0/system_processing_system7_0_0_in_context.xdc, line 37).
Applied set_property CLOCK_BUFFER_TYPE = NONE for DDR_cas_n. (constraint file  /home/rrr/XP/xup_fpga/lab3/lab3.gen/sources_1/bd/system/ip/system_processing_system7_0_0/system_processing_system7_0_0/system_processing_system7_0_0_in_context.xdc, line 38).
Applied set_property IO_BUFFER_TYPE = NONE for DDR_cke. (constraint file  /home/rrr/XP/xup_fpga/lab3/lab3.gen/sources_1/bd/system/ip/system_processing_system7_0_0/system_processing_system7_0_0/system_processing_system7_0_0_in_context.xdc, line 39).
Applied set_property CLOCK_BUFFER_TYPE = NONE for DDR_cke. (constraint file  /home/rrr/XP/xup_fpga/lab3/lab3.gen/sources_1/bd/system/ip/system_processing_system7_0_0/system_processing_system7_0_0/system_processing_system7_0_0_in_context.xdc, line 40).
Applied set_property IO_BUFFER_TYPE = NONE for DDR_cs_n. (constraint file  /home/rrr/XP/xup_fpga/lab3/lab3.gen/sources_1/bd/system/ip/system_processing_system7_0_0/system_processing_system7_0_0/system_processing_system7_0_0_in_context.xdc, line 41).
Applied set_property CLOCK_BUFFER_TYPE = NONE for DDR_cs_n. (constraint file  /home/rrr/XP/xup_fpga/lab3/lab3.gen/sources_1/bd/system/ip/system_processing_system7_0_0/system_processing_system7_0_0/system_processing_system7_0_0_in_context.xdc, line 42).
Applied set_property IO_BUFFER_TYPE = NONE for DDR_ck_p. (constraint file  /home/rrr/XP/xup_fpga/lab3/lab3.gen/sources_1/bd/system/ip/system_processing_system7_0_0/system_processing_system7_0_0/system_processing_system7_0_0_in_context.xdc, line 43).
Applied set_property CLOCK_BUFFER_TYPE = NONE for DDR_ck_p. (constraint file  /home/rrr/XP/xup_fpga/lab3/lab3.gen/sources_1/bd/system/ip/system_processing_system7_0_0/system_processing_system7_0_0/system_processing_system7_0_0_in_context.xdc, line 44).
Applied set_property IO_BUFFER_TYPE = NONE for DDR_ck_n. (constraint file  /home/rrr/XP/xup_fpga/lab3/lab3.gen/sources_1/bd/system/ip/system_processing_system7_0_0/system_processing_system7_0_0/system_processing_system7_0_0_in_context.xdc, line 45).
Applied set_property CLOCK_BUFFER_TYPE = NONE for DDR_ck_n. (constraint file  /home/rrr/XP/xup_fpga/lab3/lab3.gen/sources_1/bd/system/ip/system_processing_system7_0_0/system_processing_system7_0_0/system_processing_system7_0_0_in_context.xdc, line 46).
Applied set_property IO_BUFFER_TYPE = NONE for DDR_dm[0]. (constraint file  /home/rrr/XP/xup_fpga/lab3/lab3.gen/sources_1/bd/system/ip/system_processing_system7_0_0/system_processing_system7_0_0/system_processing_system7_0_0_in_context.xdc, line 47).
Applied set_property CLOCK_BUFFER_TYPE = NONE for DDR_dm[0]. (constraint file  /home/rrr/XP/xup_fpga/lab3/lab3.gen/sources_1/bd/system/ip/system_processing_system7_0_0/system_processing_system7_0_0/system_processing_system7_0_0_in_context.xdc, line 48).
Applied set_property IO_BUFFER_TYPE = NONE for DDR_dm[1]. (constraint file  /home/rrr/XP/xup_fpga/lab3/lab3.gen/sources_1/bd/system/ip/system_processing_system7_0_0/system_processing_system7_0_0/system_processing_system7_0_0_in_context.xdc, line 49).
Applied set_property CLOCK_BUFFER_TYPE = NONE for DDR_dm[1]. (constraint file  /home/rrr/XP/xup_fpga/lab3/lab3.gen/sources_1/bd/system/ip/system_processing_system7_0_0/system_processing_system7_0_0/system_processing_system7_0_0_in_context.xdc, line 50).
Applied set_property IO_BUFFER_TYPE = NONE for DDR_dm[2]. (constraint file  /home/rrr/XP/xup_fpga/lab3/lab3.gen/sources_1/bd/system/ip/system_processing_system7_0_0/system_processing_system7_0_0/system_processing_system7_0_0_in_context.xdc, line 51).
Applied set_property CLOCK_BUFFER_TYPE = NONE for DDR_dm[2]. (constraint file  /home/rrr/XP/xup_fpga/lab3/lab3.gen/sources_1/bd/system/ip/system_processing_system7_0_0/system_processing_system7_0_0/system_processing_system7_0_0_in_context.xdc, line 52).
Applied set_property IO_BUFFER_TYPE = NONE for DDR_dm[3]. (constraint file  /home/rrr/XP/xup_fpga/lab3/lab3.gen/sources_1/bd/system/ip/system_processing_system7_0_0/system_processing_system7_0_0/system_processing_system7_0_0_in_context.xdc, line 53).
Applied set_property CLOCK_BUFFER_TYPE = NONE for DDR_dm[3]. (constraint file  /home/rrr/XP/xup_fpga/lab3/lab3.gen/sources_1/bd/system/ip/system_processing_system7_0_0/system_processing_system7_0_0/system_processing_system7_0_0_in_context.xdc, line 54).
Applied set_property IO_BUFFER_TYPE = NONE for DDR_dqs_p[0]. (constraint file  /home/rrr/XP/xup_fpga/lab3/lab3.gen/sources_1/bd/system/ip/system_processing_system7_0_0/system_processing_system7_0_0/system_processing_system7_0_0_in_context.xdc, line 55).
Applied set_property CLOCK_BUFFER_TYPE = NONE for DDR_dqs_p[0]. (constraint file  /home/rrr/XP/xup_fpga/lab3/lab3.gen/sources_1/bd/system/ip/system_processing_system7_0_0/system_processing_system7_0_0/system_processing_system7_0_0_in_context.xdc, line 56).
Applied set_property IO_BUFFER_TYPE = NONE for DDR_dqs_p[1]. (constraint file  /home/rrr/XP/xup_fpga/lab3/lab3.gen/sources_1/bd/system/ip/system_processing_system7_0_0/system_processing_system7_0_0/system_processing_system7_0_0_in_context.xdc, line 57).
Applied set_property CLOCK_BUFFER_TYPE = NONE for DDR_dqs_p[1]. (constraint file  /home/rrr/XP/xup_fpga/lab3/lab3.gen/sources_1/bd/system/ip/system_processing_system7_0_0/system_processing_system7_0_0/system_processing_system7_0_0_in_context.xdc, line 58).
Applied set_property IO_BUFFER_TYPE = NONE for DDR_dqs_p[2]. (constraint file  /home/rrr/XP/xup_fpga/lab3/lab3.gen/sources_1/bd/system/ip/system_processing_system7_0_0/system_processing_system7_0_0/system_processing_system7_0_0_in_context.xdc, line 59).
Applied set_property CLOCK_BUFFER_TYPE = NONE for DDR_dqs_p[2]. (constraint file  /home/rrr/XP/xup_fpga/lab3/lab3.gen/sources_1/bd/system/ip/system_processing_system7_0_0/system_processing_system7_0_0/system_processing_system7_0_0_in_context.xdc, line 60).
Applied set_property IO_BUFFER_TYPE = NONE for DDR_dqs_p[3]. (constraint file  /home/rrr/XP/xup_fpga/lab3/lab3.gen/sources_1/bd/system/ip/system_processing_system7_0_0/system_processing_system7_0_0/system_processing_system7_0_0_in_context.xdc, line 61).
Applied set_property CLOCK_BUFFER_TYPE = NONE for DDR_dqs_p[3]. (constraint file  /home/rrr/XP/xup_fpga/lab3/lab3.gen/sources_1/bd/system/ip/system_processing_system7_0_0/system_processing_system7_0_0/system_processing_system7_0_0_in_context.xdc, line 62).
Applied set_property IO_BUFFER_TYPE = NONE for DDR_dqs_n[0]. (constraint file  /home/rrr/XP/xup_fpga/lab3/lab3.gen/sources_1/bd/system/ip/system_processing_system7_0_0/system_processing_system7_0_0/system_processing_system7_0_0_in_context.xdc, line 63).
Applied set_property CLOCK_BUFFER_TYPE = NONE for DDR_dqs_n[0]. (constraint file  /home/rrr/XP/xup_fpga/lab3/lab3.gen/sources_1/bd/system/ip/system_processing_system7_0_0/system_processing_system7_0_0/system_processing_system7_0_0_in_context.xdc, line 64).
Applied set_property IO_BUFFER_TYPE = NONE for DDR_dqs_n[1]. (constraint file  /home/rrr/XP/xup_fpga/lab3/lab3.gen/sources_1/bd/system/ip/system_processing_system7_0_0/system_processing_system7_0_0/system_processing_system7_0_0_in_context.xdc, line 65).
Applied set_property CLOCK_BUFFER_TYPE = NONE for DDR_dqs_n[1]. (constraint file  /home/rrr/XP/xup_fpga/lab3/lab3.gen/sources_1/bd/system/ip/system_processing_system7_0_0/system_processing_system7_0_0/system_processing_system7_0_0_in_context.xdc, line 66).
Applied set_property IO_BUFFER_TYPE = NONE for DDR_dqs_n[2]. (constraint file  /home/rrr/XP/xup_fpga/lab3/lab3.gen/sources_1/bd/system/ip/system_processing_system7_0_0/system_processing_system7_0_0/system_processing_system7_0_0_in_context.xdc, line 67).
Applied set_property CLOCK_BUFFER_TYPE = NONE for DDR_dqs_n[2]. (constraint file  /home/rrr/XP/xup_fpga/lab3/lab3.gen/sources_1/bd/system/ip/system_processing_system7_0_0/system_processing_system7_0_0/system_processing_system7_0_0_in_context.xdc, line 68).
Applied set_property IO_BUFFER_TYPE = NONE for DDR_dqs_n[3]. (constraint file  /home/rrr/XP/xup_fpga/lab3/lab3.gen/sources_1/bd/system/ip/system_processing_system7_0_0/system_processing_system7_0_0/system_processing_system7_0_0_in_context.xdc, line 69).
Applied set_property CLOCK_BUFFER_TYPE = NONE for DDR_dqs_n[3]. (constraint file  /home/rrr/XP/xup_fpga/lab3/lab3.gen/sources_1/bd/system/ip/system_processing_system7_0_0/system_processing_system7_0_0/system_processing_system7_0_0_in_context.xdc, line 70).
Applied set_property IO_BUFFER_TYPE = NONE for DDR_dq[0]. (constraint file  /home/rrr/XP/xup_fpga/lab3/lab3.gen/sources_1/bd/system/ip/system_processing_system7_0_0/system_processing_system7_0_0/system_processing_system7_0_0_in_context.xdc, line 71).
Applied set_property CLOCK_BUFFER_TYPE = NONE for DDR_dq[0]. (constraint file  /home/rrr/XP/xup_fpga/lab3/lab3.gen/sources_1/bd/system/ip/system_processing_system7_0_0/system_processing_system7_0_0/system_processing_system7_0_0_in_context.xdc, line 72).
Applied set_property IO_BUFFER_TYPE = NONE for DDR_dq[10]. (constraint file  /home/rrr/XP/xup_fpga/lab3/lab3.gen/sources_1/bd/system/ip/system_processing_system7_0_0/system_processing_system7_0_0/system_processing_system7_0_0_in_context.xdc, line 73).
Applied set_property CLOCK_BUFFER_TYPE = NONE for DDR_dq[10]. (constraint file  /home/rrr/XP/xup_fpga/lab3/lab3.gen/sources_1/bd/system/ip/system_processing_system7_0_0/system_processing_system7_0_0/system_processing_system7_0_0_in_context.xdc, line 74).
Applied set_property IO_BUFFER_TYPE = NONE for DDR_dq[11]. (constraint file  /home/rrr/XP/xup_fpga/lab3/lab3.gen/sources_1/bd/system/ip/system_processing_system7_0_0/system_processing_system7_0_0/system_processing_system7_0_0_in_context.xdc, line 75).
Applied set_property CLOCK_BUFFER_TYPE = NONE for DDR_dq[11]. (constraint file  /home/rrr/XP/xup_fpga/lab3/lab3.gen/sources_1/bd/system/ip/system_processing_system7_0_0/system_processing_system7_0_0/system_processing_system7_0_0_in_context.xdc, line 76).
Applied set_property IO_BUFFER_TYPE = NONE for DDR_dq[12]. (constraint file  /home/rrr/XP/xup_fpga/lab3/lab3.gen/sources_1/bd/system/ip/system_processing_system7_0_0/system_processing_system7_0_0/system_processing_system7_0_0_in_context.xdc, line 77).
Applied set_property CLOCK_BUFFER_TYPE = NONE for DDR_dq[12]. (constraint file  /home/rrr/XP/xup_fpga/lab3/lab3.gen/sources_1/bd/system/ip/system_processing_system7_0_0/system_processing_system7_0_0/system_processing_system7_0_0_in_context.xdc, line 78).
Applied set_property IO_BUFFER_TYPE = NONE for DDR_dq[13]. (constraint file  /home/rrr/XP/xup_fpga/lab3/lab3.gen/sources_1/bd/system/ip/system_processing_system7_0_0/system_processing_system7_0_0/system_processing_system7_0_0_in_context.xdc, line 79).
Applied set_property CLOCK_BUFFER_TYPE = NONE for DDR_dq[13]. (constraint file  /home/rrr/XP/xup_fpga/lab3/lab3.gen/sources_1/bd/system/ip/system_processing_system7_0_0/system_processing_system7_0_0/system_processing_system7_0_0_in_context.xdc, line 80).
Applied set_property IO_BUFFER_TYPE = NONE for DDR_dq[14]. (constraint file  /home/rrr/XP/xup_fpga/lab3/lab3.gen/sources_1/bd/system/ip/system_processing_system7_0_0/system_processing_system7_0_0/system_processing_system7_0_0_in_context.xdc, line 81).
Applied set_property CLOCK_BUFFER_TYPE = NONE for DDR_dq[14]. (constraint file  /home/rrr/XP/xup_fpga/lab3/lab3.gen/sources_1/bd/system/ip/system_processing_system7_0_0/system_processing_system7_0_0/system_processing_system7_0_0_in_context.xdc, line 82).
Applied set_property IO_BUFFER_TYPE = NONE for DDR_dq[15]. (constraint file  /home/rrr/XP/xup_fpga/lab3/lab3.gen/sources_1/bd/system/ip/system_processing_system7_0_0/system_processing_system7_0_0/system_processing_system7_0_0_in_context.xdc, line 83).
Applied set_property CLOCK_BUFFER_TYPE = NONE for DDR_dq[15]. (constraint file  /home/rrr/XP/xup_fpga/lab3/lab3.gen/sources_1/bd/system/ip/system_processing_system7_0_0/system_processing_system7_0_0/system_processing_system7_0_0_in_context.xdc, line 84).
Applied set_property IO_BUFFER_TYPE = NONE for DDR_dq[16]. (constraint file  /home/rrr/XP/xup_fpga/lab3/lab3.gen/sources_1/bd/system/ip/system_processing_system7_0_0/system_processing_system7_0_0/system_processing_system7_0_0_in_context.xdc, line 85).
Applied set_property CLOCK_BUFFER_TYPE = NONE for DDR_dq[16]. (constraint file  /home/rrr/XP/xup_fpga/lab3/lab3.gen/sources_1/bd/system/ip/system_processing_system7_0_0/system_processing_system7_0_0/system_processing_system7_0_0_in_context.xdc, line 86).
Applied set_property IO_BUFFER_TYPE = NONE for DDR_dq[17]. (constraint file  /home/rrr/XP/xup_fpga/lab3/lab3.gen/sources_1/bd/system/ip/system_processing_system7_0_0/system_processing_system7_0_0/system_processing_system7_0_0_in_context.xdc, line 87).
Applied set_property CLOCK_BUFFER_TYPE = NONE for DDR_dq[17]. (constraint file  /home/rrr/XP/xup_fpga/lab3/lab3.gen/sources_1/bd/system/ip/system_processing_system7_0_0/system_processing_system7_0_0/system_processing_system7_0_0_in_context.xdc, line 88).
Applied set_property IO_BUFFER_TYPE = NONE for DDR_dq[18]. (constraint file  /home/rrr/XP/xup_fpga/lab3/lab3.gen/sources_1/bd/system/ip/system_processing_system7_0_0/system_processing_system7_0_0/system_processing_system7_0_0_in_context.xdc, line 89).
Applied set_property CLOCK_BUFFER_TYPE = NONE for DDR_dq[18]. (constraint file  /home/rrr/XP/xup_fpga/lab3/lab3.gen/sources_1/bd/system/ip/system_processing_system7_0_0/system_processing_system7_0_0/system_processing_system7_0_0_in_context.xdc, line 90).
Applied set_property IO_BUFFER_TYPE = NONE for DDR_dq[19]. (constraint file  /home/rrr/XP/xup_fpga/lab3/lab3.gen/sources_1/bd/system/ip/system_processing_system7_0_0/system_processing_system7_0_0/system_processing_system7_0_0_in_context.xdc, line 91).
Applied set_property CLOCK_BUFFER_TYPE = NONE for DDR_dq[19]. (constraint file  /home/rrr/XP/xup_fpga/lab3/lab3.gen/sources_1/bd/system/ip/system_processing_system7_0_0/system_processing_system7_0_0/system_processing_system7_0_0_in_context.xdc, line 92).
Applied set_property IO_BUFFER_TYPE = NONE for DDR_dq[1]. (constraint file  /home/rrr/XP/xup_fpga/lab3/lab3.gen/sources_1/bd/system/ip/system_processing_system7_0_0/system_processing_system7_0_0/system_processing_system7_0_0_in_context.xdc, line 93).
Applied set_property CLOCK_BUFFER_TYPE = NONE for DDR_dq[1]. (constraint file  /home/rrr/XP/xup_fpga/lab3/lab3.gen/sources_1/bd/system/ip/system_processing_system7_0_0/system_processing_system7_0_0/system_processing_system7_0_0_in_context.xdc, line 94).
Applied set_property IO_BUFFER_TYPE = NONE for DDR_dq[20]. (constraint file  /home/rrr/XP/xup_fpga/lab3/lab3.gen/sources_1/bd/system/ip/system_processing_system7_0_0/system_processing_system7_0_0/system_processing_system7_0_0_in_context.xdc, line 95).
Applied set_property CLOCK_BUFFER_TYPE = NONE for DDR_dq[20]. (constraint file  /home/rrr/XP/xup_fpga/lab3/lab3.gen/sources_1/bd/system/ip/system_processing_system7_0_0/system_processing_system7_0_0/system_processing_system7_0_0_in_context.xdc, line 96).
Applied set_property IO_BUFFER_TYPE = NONE for DDR_dq[21]. (constraint file  /home/rrr/XP/xup_fpga/lab3/lab3.gen/sources_1/bd/system/ip/system_processing_system7_0_0/system_processing_system7_0_0/system_processing_system7_0_0_in_context.xdc, line 97).
Applied set_property CLOCK_BUFFER_TYPE = NONE for DDR_dq[21]. (constraint file  /home/rrr/XP/xup_fpga/lab3/lab3.gen/sources_1/bd/system/ip/system_processing_system7_0_0/system_processing_system7_0_0/system_processing_system7_0_0_in_context.xdc, line 98).
Applied set_property IO_BUFFER_TYPE = NONE for DDR_dq[22]. (constraint file  /home/rrr/XP/xup_fpga/lab3/lab3.gen/sources_1/bd/system/ip/system_processing_system7_0_0/system_processing_system7_0_0/system_processing_system7_0_0_in_context.xdc, line 99).
Applied set_property CLOCK_BUFFER_TYPE = NONE for DDR_dq[22]. (constraint file  /home/rrr/XP/xup_fpga/lab3/lab3.gen/sources_1/bd/system/ip/system_processing_system7_0_0/system_processing_system7_0_0/system_processing_system7_0_0_in_context.xdc, line 100).
Applied set_property IO_BUFFER_TYPE = NONE for DDR_dq[23]. (constraint file  /home/rrr/XP/xup_fpga/lab3/lab3.gen/sources_1/bd/system/ip/system_processing_system7_0_0/system_processing_system7_0_0/system_processing_system7_0_0_in_context.xdc, line 101).
Applied set_property CLOCK_BUFFER_TYPE = NONE for DDR_dq[23]. (constraint file  /home/rrr/XP/xup_fpga/lab3/lab3.gen/sources_1/bd/system/ip/system_processing_system7_0_0/system_processing_system7_0_0/system_processing_system7_0_0_in_context.xdc, line 102).
Applied set_property IO_BUFFER_TYPE = NONE for DDR_dq[24]. (constraint file  /home/rrr/XP/xup_fpga/lab3/lab3.gen/sources_1/bd/system/ip/system_processing_system7_0_0/system_processing_system7_0_0/system_processing_system7_0_0_in_context.xdc, line 103).
Applied set_property CLOCK_BUFFER_TYPE = NONE for DDR_dq[24]. (constraint file  /home/rrr/XP/xup_fpga/lab3/lab3.gen/sources_1/bd/system/ip/system_processing_system7_0_0/system_processing_system7_0_0/system_processing_system7_0_0_in_context.xdc, line 104).
Applied set_property IO_BUFFER_TYPE = NONE for DDR_dq[25]. (constraint file  /home/rrr/XP/xup_fpga/lab3/lab3.gen/sources_1/bd/system/ip/system_processing_system7_0_0/system_processing_system7_0_0/system_processing_system7_0_0_in_context.xdc, line 105).
Applied set_property CLOCK_BUFFER_TYPE = NONE for DDR_dq[25]. (constraint file  /home/rrr/XP/xup_fpga/lab3/lab3.gen/sources_1/bd/system/ip/system_processing_system7_0_0/system_processing_system7_0_0/system_processing_system7_0_0_in_context.xdc, line 106).
Applied set_property IO_BUFFER_TYPE = NONE for DDR_dq[26]. (constraint file  /home/rrr/XP/xup_fpga/lab3/lab3.gen/sources_1/bd/system/ip/system_processing_system7_0_0/system_processing_system7_0_0/system_processing_system7_0_0_in_context.xdc, line 107).
Applied set_property CLOCK_BUFFER_TYPE = NONE for DDR_dq[26]. (constraint file  /home/rrr/XP/xup_fpga/lab3/lab3.gen/sources_1/bd/system/ip/system_processing_system7_0_0/system_processing_system7_0_0/system_processing_system7_0_0_in_context.xdc, line 108).
Applied set_property IO_BUFFER_TYPE = NONE for DDR_dq[27]. (constraint file  /home/rrr/XP/xup_fpga/lab3/lab3.gen/sources_1/bd/system/ip/system_processing_system7_0_0/system_processing_system7_0_0/system_processing_system7_0_0_in_context.xdc, line 109).
Applied set_property CLOCK_BUFFER_TYPE = NONE for DDR_dq[27]. (constraint file  /home/rrr/XP/xup_fpga/lab3/lab3.gen/sources_1/bd/system/ip/system_processing_system7_0_0/system_processing_system7_0_0/system_processing_system7_0_0_in_context.xdc, line 110).
Applied set_property IO_BUFFER_TYPE = NONE for DDR_dq[28]. (constraint file  /home/rrr/XP/xup_fpga/lab3/lab3.gen/sources_1/bd/system/ip/system_processing_system7_0_0/system_processing_system7_0_0/system_processing_system7_0_0_in_context.xdc, line 111).
Applied set_property CLOCK_BUFFER_TYPE = NONE for DDR_dq[28]. (constraint file  /home/rrr/XP/xup_fpga/lab3/lab3.gen/sources_1/bd/system/ip/system_processing_system7_0_0/system_processing_system7_0_0/system_processing_system7_0_0_in_context.xdc, line 112).
Applied set_property IO_BUFFER_TYPE = NONE for DDR_dq[29]. (constraint file  /home/rrr/XP/xup_fpga/lab3/lab3.gen/sources_1/bd/system/ip/system_processing_system7_0_0/system_processing_system7_0_0/system_processing_system7_0_0_in_context.xdc, line 113).
Applied set_property CLOCK_BUFFER_TYPE = NONE for DDR_dq[29]. (constraint file  /home/rrr/XP/xup_fpga/lab3/lab3.gen/sources_1/bd/system/ip/system_processing_system7_0_0/system_processing_system7_0_0/system_processing_system7_0_0_in_context.xdc, line 114).
Applied set_property IO_BUFFER_TYPE = NONE for DDR_dq[2]. (constraint file  /home/rrr/XP/xup_fpga/lab3/lab3.gen/sources_1/bd/system/ip/system_processing_system7_0_0/system_processing_system7_0_0/system_processing_system7_0_0_in_context.xdc, line 115).
Applied set_property CLOCK_BUFFER_TYPE = NONE for DDR_dq[2]. (constraint file  /home/rrr/XP/xup_fpga/lab3/lab3.gen/sources_1/bd/system/ip/system_processing_system7_0_0/system_processing_system7_0_0/system_processing_system7_0_0_in_context.xdc, line 116).
Applied set_property IO_BUFFER_TYPE = NONE for DDR_dq[30]. (constraint file  /home/rrr/XP/xup_fpga/lab3/lab3.gen/sources_1/bd/system/ip/system_processing_system7_0_0/system_processing_system7_0_0/system_processing_system7_0_0_in_context.xdc, line 117).
Applied set_property CLOCK_BUFFER_TYPE = NONE for DDR_dq[30]. (constraint file  /home/rrr/XP/xup_fpga/lab3/lab3.gen/sources_1/bd/system/ip/system_processing_system7_0_0/system_processing_system7_0_0/system_processing_system7_0_0_in_context.xdc, line 118).
Applied set_property IO_BUFFER_TYPE = NONE for DDR_dq[31]. (constraint file  /home/rrr/XP/xup_fpga/lab3/lab3.gen/sources_1/bd/system/ip/system_processing_system7_0_0/system_processing_system7_0_0/system_processing_system7_0_0_in_context.xdc, line 119).
Applied set_property CLOCK_BUFFER_TYPE = NONE for DDR_dq[31]. (constraint file  /home/rrr/XP/xup_fpga/lab3/lab3.gen/sources_1/bd/system/ip/system_processing_system7_0_0/system_processing_system7_0_0/system_processing_system7_0_0_in_context.xdc, line 120).
Applied set_property IO_BUFFER_TYPE = NONE for DDR_dq[3]. (constraint file  /home/rrr/XP/xup_fpga/lab3/lab3.gen/sources_1/bd/system/ip/system_processing_system7_0_0/system_processing_system7_0_0/system_processing_system7_0_0_in_context.xdc, line 121).
Applied set_property CLOCK_BUFFER_TYPE = NONE for DDR_dq[3]. (constraint file  /home/rrr/XP/xup_fpga/lab3/lab3.gen/sources_1/bd/system/ip/system_processing_system7_0_0/system_processing_system7_0_0/system_processing_system7_0_0_in_context.xdc, line 122).
Applied set_property IO_BUFFER_TYPE = NONE for DDR_dq[4]. (constraint file  /home/rrr/XP/xup_fpga/lab3/lab3.gen/sources_1/bd/system/ip/system_processing_system7_0_0/system_processing_system7_0_0/system_processing_system7_0_0_in_context.xdc, line 123).
Applied set_property CLOCK_BUFFER_TYPE = NONE for DDR_dq[4]. (constraint file  /home/rrr/XP/xup_fpga/lab3/lab3.gen/sources_1/bd/system/ip/system_processing_system7_0_0/system_processing_system7_0_0/system_processing_system7_0_0_in_context.xdc, line 124).
Applied set_property IO_BUFFER_TYPE = NONE for DDR_dq[5]. (constraint file  /home/rrr/XP/xup_fpga/lab3/lab3.gen/sources_1/bd/system/ip/system_processing_system7_0_0/system_processing_system7_0_0/system_processing_system7_0_0_in_context.xdc, line 125).
Applied set_property CLOCK_BUFFER_TYPE = NONE for DDR_dq[5]. (constraint file  /home/rrr/XP/xup_fpga/lab3/lab3.gen/sources_1/bd/system/ip/system_processing_system7_0_0/system_processing_system7_0_0/system_processing_system7_0_0_in_context.xdc, line 126).
Applied set_property IO_BUFFER_TYPE = NONE for DDR_dq[6]. (constraint file  /home/rrr/XP/xup_fpga/lab3/lab3.gen/sources_1/bd/system/ip/system_processing_system7_0_0/system_processing_system7_0_0/system_processing_system7_0_0_in_context.xdc, line 127).
Applied set_property CLOCK_BUFFER_TYPE = NONE for DDR_dq[6]. (constraint file  /home/rrr/XP/xup_fpga/lab3/lab3.gen/sources_1/bd/system/ip/system_processing_system7_0_0/system_processing_system7_0_0/system_processing_system7_0_0_in_context.xdc, line 128).
Applied set_property IO_BUFFER_TYPE = NONE for DDR_dq[7]. (constraint file  /home/rrr/XP/xup_fpga/lab3/lab3.gen/sources_1/bd/system/ip/system_processing_system7_0_0/system_processing_system7_0_0/system_processing_system7_0_0_in_context.xdc, line 129).
Applied set_property CLOCK_BUFFER_TYPE = NONE for DDR_dq[7]. (constraint file  /home/rrr/XP/xup_fpga/lab3/lab3.gen/sources_1/bd/system/ip/system_processing_system7_0_0/system_processing_system7_0_0/system_processing_system7_0_0_in_context.xdc, line 130).
Applied set_property IO_BUFFER_TYPE = NONE for DDR_dq[8]. (constraint file  /home/rrr/XP/xup_fpga/lab3/lab3.gen/sources_1/bd/system/ip/system_processing_system7_0_0/system_processing_system7_0_0/system_processing_system7_0_0_in_context.xdc, line 131).
Applied set_property CLOCK_BUFFER_TYPE = NONE for DDR_dq[8]. (constraint file  /home/rrr/XP/xup_fpga/lab3/lab3.gen/sources_1/bd/system/ip/system_processing_system7_0_0/system_processing_system7_0_0/system_processing_system7_0_0_in_context.xdc, line 132).
Applied set_property IO_BUFFER_TYPE = NONE for DDR_dq[9]. (constraint file  /home/rrr/XP/xup_fpga/lab3/lab3.gen/sources_1/bd/system/ip/system_processing_system7_0_0/system_processing_system7_0_0/system_processing_system7_0_0_in_context.xdc, line 133).
Applied set_property CLOCK_BUFFER_TYPE = NONE for DDR_dq[9]. (constraint file  /home/rrr/XP/xup_fpga/lab3/lab3.gen/sources_1/bd/system/ip/system_processing_system7_0_0/system_processing_system7_0_0/system_processing_system7_0_0_in_context.xdc, line 134).
Applied set_property IO_BUFFER_TYPE = NONE for DDR_reset_n. (constraint file  /home/rrr/XP/xup_fpga/lab3/lab3.gen/sources_1/bd/system/ip/system_processing_system7_0_0/system_processing_system7_0_0/system_processing_system7_0_0_in_context.xdc, line 135).
Applied set_property CLOCK_BUFFER_TYPE = NONE for DDR_reset_n. (constraint file  /home/rrr/XP/xup_fpga/lab3/lab3.gen/sources_1/bd/system/ip/system_processing_system7_0_0/system_processing_system7_0_0/system_processing_system7_0_0_in_context.xdc, line 136).
Applied set_property IO_BUFFER_TYPE = NONE for DDR_odt. (constraint file  /home/rrr/XP/xup_fpga/lab3/lab3.gen/sources_1/bd/system/ip/system_processing_system7_0_0/system_processing_system7_0_0/system_processing_system7_0_0_in_context.xdc, line 137).
Applied set_property CLOCK_BUFFER_TYPE = NONE for DDR_odt. (constraint file  /home/rrr/XP/xup_fpga/lab3/lab3.gen/sources_1/bd/system/ip/system_processing_system7_0_0/system_processing_system7_0_0/system_processing_system7_0_0_in_context.xdc, line 138).
Applied set_property IO_BUFFER_TYPE = NONE for DDR_ras_n. (constraint file  /home/rrr/XP/xup_fpga/lab3/lab3.gen/sources_1/bd/system/ip/system_processing_system7_0_0/system_processing_system7_0_0/system_processing_system7_0_0_in_context.xdc, line 139).
Applied set_property CLOCK_BUFFER_TYPE = NONE for DDR_ras_n. (constraint file  /home/rrr/XP/xup_fpga/lab3/lab3.gen/sources_1/bd/system/ip/system_processing_system7_0_0/system_processing_system7_0_0/system_processing_system7_0_0_in_context.xdc, line 140).
Applied set_property IO_BUFFER_TYPE = NONE for FIXED_IO_ddr_vrn. (constraint file  /home/rrr/XP/xup_fpga/lab3/lab3.gen/sources_1/bd/system/ip/system_processing_system7_0_0/system_processing_system7_0_0/system_processing_system7_0_0_in_context.xdc, line 141).
Applied set_property CLOCK_BUFFER_TYPE = NONE for FIXED_IO_ddr_vrn. (constraint file  /home/rrr/XP/xup_fpga/lab3/lab3.gen/sources_1/bd/system/ip/system_processing_system7_0_0/system_processing_system7_0_0/system_processing_system7_0_0_in_context.xdc, line 142).
Applied set_property IO_BUFFER_TYPE = NONE for FIXED_IO_ddr_vrp. (constraint file  /home/rrr/XP/xup_fpga/lab3/lab3.gen/sources_1/bd/system/ip/system_processing_system7_0_0/system_processing_system7_0_0/system_processing_system7_0_0_in_context.xdc, line 143).
Applied set_property CLOCK_BUFFER_TYPE = NONE for FIXED_IO_ddr_vrp. (constraint file  /home/rrr/XP/xup_fpga/lab3/lab3.gen/sources_1/bd/system/ip/system_processing_system7_0_0/system_processing_system7_0_0/system_processing_system7_0_0_in_context.xdc, line 144).
Applied set_property IO_BUFFER_TYPE = NONE for DDR_we_n. (constraint file  /home/rrr/XP/xup_fpga/lab3/lab3.gen/sources_1/bd/system/ip/system_processing_system7_0_0/system_processing_system7_0_0/system_processing_system7_0_0_in_context.xdc, line 145).
Applied set_property CLOCK_BUFFER_TYPE = NONE for DDR_we_n. (constraint file  /home/rrr/XP/xup_fpga/lab3/lab3.gen/sources_1/bd/system/ip/system_processing_system7_0_0/system_processing_system7_0_0/system_processing_system7_0_0_in_context.xdc, line 146).
Applied set_property IO_BUFFER_TYPE = NONE for FIXED_IO_mio[0]. (constraint file  /home/rrr/XP/xup_fpga/lab3/lab3.gen/sources_1/bd/system/ip/system_processing_system7_0_0/system_processing_system7_0_0/system_processing_system7_0_0_in_context.xdc, line 147).
Applied set_property CLOCK_BUFFER_TYPE = NONE for FIXED_IO_mio[0]. (constraint file  /home/rrr/XP/xup_fpga/lab3/lab3.gen/sources_1/bd/system/ip/system_processing_system7_0_0/system_processing_system7_0_0/system_processing_system7_0_0_in_context.xdc, line 148).
Applied set_property IO_BUFFER_TYPE = NONE for FIXED_IO_mio[10]. (constraint file  /home/rrr/XP/xup_fpga/lab3/lab3.gen/sources_1/bd/system/ip/system_processing_system7_0_0/system_processing_system7_0_0/system_processing_system7_0_0_in_context.xdc, line 149).
Applied set_property CLOCK_BUFFER_TYPE = NONE for FIXED_IO_mio[10]. (constraint file  /home/rrr/XP/xup_fpga/lab3/lab3.gen/sources_1/bd/system/ip/system_processing_system7_0_0/system_processing_system7_0_0/system_processing_system7_0_0_in_context.xdc, line 150).
Applied set_property IO_BUFFER_TYPE = NONE for FIXED_IO_mio[11]. (constraint file  /home/rrr/XP/xup_fpga/lab3/lab3.gen/sources_1/bd/system/ip/system_processing_system7_0_0/system_processing_system7_0_0/system_processing_system7_0_0_in_context.xdc, line 151).
Applied set_property CLOCK_BUFFER_TYPE = NONE for FIXED_IO_mio[11]. (constraint file  /home/rrr/XP/xup_fpga/lab3/lab3.gen/sources_1/bd/system/ip/system_processing_system7_0_0/system_processing_system7_0_0/system_processing_system7_0_0_in_context.xdc, line 152).
Applied set_property IO_BUFFER_TYPE = NONE for FIXED_IO_mio[12]. (constraint file  /home/rrr/XP/xup_fpga/lab3/lab3.gen/sources_1/bd/system/ip/system_processing_system7_0_0/system_processing_system7_0_0/system_processing_system7_0_0_in_context.xdc, line 153).
Applied set_property CLOCK_BUFFER_TYPE = NONE for FIXED_IO_mio[12]. (constraint file  /home/rrr/XP/xup_fpga/lab3/lab3.gen/sources_1/bd/system/ip/system_processing_system7_0_0/system_processing_system7_0_0/system_processing_system7_0_0_in_context.xdc, line 154).
Applied set_property IO_BUFFER_TYPE = NONE for FIXED_IO_mio[13]. (constraint file  /home/rrr/XP/xup_fpga/lab3/lab3.gen/sources_1/bd/system/ip/system_processing_system7_0_0/system_processing_system7_0_0/system_processing_system7_0_0_in_context.xdc, line 155).
Applied set_property CLOCK_BUFFER_TYPE = NONE for FIXED_IO_mio[13]. (constraint file  /home/rrr/XP/xup_fpga/lab3/lab3.gen/sources_1/bd/system/ip/system_processing_system7_0_0/system_processing_system7_0_0/system_processing_system7_0_0_in_context.xdc, line 156).
Applied set_property IO_BUFFER_TYPE = NONE for FIXED_IO_mio[14]. (constraint file  /home/rrr/XP/xup_fpga/lab3/lab3.gen/sources_1/bd/system/ip/system_processing_system7_0_0/system_processing_system7_0_0/system_processing_system7_0_0_in_context.xdc, line 157).
Applied set_property CLOCK_BUFFER_TYPE = NONE for FIXED_IO_mio[14]. (constraint file  /home/rrr/XP/xup_fpga/lab3/lab3.gen/sources_1/bd/system/ip/system_processing_system7_0_0/system_processing_system7_0_0/system_processing_system7_0_0_in_context.xdc, line 158).
Applied set_property IO_BUFFER_TYPE = NONE for FIXED_IO_mio[15]. (constraint file  /home/rrr/XP/xup_fpga/lab3/lab3.gen/sources_1/bd/system/ip/system_processing_system7_0_0/system_processing_system7_0_0/system_processing_system7_0_0_in_context.xdc, line 159).
Applied set_property CLOCK_BUFFER_TYPE = NONE for FIXED_IO_mio[15]. (constraint file  /home/rrr/XP/xup_fpga/lab3/lab3.gen/sources_1/bd/system/ip/system_processing_system7_0_0/system_processing_system7_0_0/system_processing_system7_0_0_in_context.xdc, line 160).
Applied set_property IO_BUFFER_TYPE = NONE for FIXED_IO_mio[16]. (constraint file  /home/rrr/XP/xup_fpga/lab3/lab3.gen/sources_1/bd/system/ip/system_processing_system7_0_0/system_processing_system7_0_0/system_processing_system7_0_0_in_context.xdc, line 161).
Applied set_property CLOCK_BUFFER_TYPE = NONE for FIXED_IO_mio[16]. (constraint file  /home/rrr/XP/xup_fpga/lab3/lab3.gen/sources_1/bd/system/ip/system_processing_system7_0_0/system_processing_system7_0_0/system_processing_system7_0_0_in_context.xdc, line 162).
Applied set_property IO_BUFFER_TYPE = NONE for FIXED_IO_mio[17]. (constraint file  /home/rrr/XP/xup_fpga/lab3/lab3.gen/sources_1/bd/system/ip/system_processing_system7_0_0/system_processing_system7_0_0/system_processing_system7_0_0_in_context.xdc, line 163).
Applied set_property CLOCK_BUFFER_TYPE = NONE for FIXED_IO_mio[17]. (constraint file  /home/rrr/XP/xup_fpga/lab3/lab3.gen/sources_1/bd/system/ip/system_processing_system7_0_0/system_processing_system7_0_0/system_processing_system7_0_0_in_context.xdc, line 164).
Applied set_property IO_BUFFER_TYPE = NONE for FIXED_IO_mio[18]. (constraint file  /home/rrr/XP/xup_fpga/lab3/lab3.gen/sources_1/bd/system/ip/system_processing_system7_0_0/system_processing_system7_0_0/system_processing_system7_0_0_in_context.xdc, line 165).
Applied set_property CLOCK_BUFFER_TYPE = NONE for FIXED_IO_mio[18]. (constraint file  /home/rrr/XP/xup_fpga/lab3/lab3.gen/sources_1/bd/system/ip/system_processing_system7_0_0/system_processing_system7_0_0/system_processing_system7_0_0_in_context.xdc, line 166).
Applied set_property IO_BUFFER_TYPE = NONE for FIXED_IO_mio[19]. (constraint file  /home/rrr/XP/xup_fpga/lab3/lab3.gen/sources_1/bd/system/ip/system_processing_system7_0_0/system_processing_system7_0_0/system_processing_system7_0_0_in_context.xdc, line 167).
Applied set_property CLOCK_BUFFER_TYPE = NONE for FIXED_IO_mio[19]. (constraint file  /home/rrr/XP/xup_fpga/lab3/lab3.gen/sources_1/bd/system/ip/system_processing_system7_0_0/system_processing_system7_0_0/system_processing_system7_0_0_in_context.xdc, line 168).
Applied set_property IO_BUFFER_TYPE = NONE for FIXED_IO_mio[1]. (constraint file  /home/rrr/XP/xup_fpga/lab3/lab3.gen/sources_1/bd/system/ip/system_processing_system7_0_0/system_processing_system7_0_0/system_processing_system7_0_0_in_context.xdc, line 169).
Applied set_property CLOCK_BUFFER_TYPE = NONE for FIXED_IO_mio[1]. (constraint file  /home/rrr/XP/xup_fpga/lab3/lab3.gen/sources_1/bd/system/ip/system_processing_system7_0_0/system_processing_system7_0_0/system_processing_system7_0_0_in_context.xdc, line 170).
Applied set_property IO_BUFFER_TYPE = NONE for FIXED_IO_mio[20]. (constraint file  /home/rrr/XP/xup_fpga/lab3/lab3.gen/sources_1/bd/system/ip/system_processing_system7_0_0/system_processing_system7_0_0/system_processing_system7_0_0_in_context.xdc, line 171).
Applied set_property CLOCK_BUFFER_TYPE = NONE for FIXED_IO_mio[20]. (constraint file  /home/rrr/XP/xup_fpga/lab3/lab3.gen/sources_1/bd/system/ip/system_processing_system7_0_0/system_processing_system7_0_0/system_processing_system7_0_0_in_context.xdc, line 172).
Applied set_property IO_BUFFER_TYPE = NONE for FIXED_IO_mio[21]. (constraint file  /home/rrr/XP/xup_fpga/lab3/lab3.gen/sources_1/bd/system/ip/system_processing_system7_0_0/system_processing_system7_0_0/system_processing_system7_0_0_in_context.xdc, line 173).
Applied set_property CLOCK_BUFFER_TYPE = NONE for FIXED_IO_mio[21]. (constraint file  /home/rrr/XP/xup_fpga/lab3/lab3.gen/sources_1/bd/system/ip/system_processing_system7_0_0/system_processing_system7_0_0/system_processing_system7_0_0_in_context.xdc, line 174).
Applied set_property IO_BUFFER_TYPE = NONE for FIXED_IO_mio[22]. (constraint file  /home/rrr/XP/xup_fpga/lab3/lab3.gen/sources_1/bd/system/ip/system_processing_system7_0_0/system_processing_system7_0_0/system_processing_system7_0_0_in_context.xdc, line 175).
Applied set_property CLOCK_BUFFER_TYPE = NONE for FIXED_IO_mio[22]. (constraint file  /home/rrr/XP/xup_fpga/lab3/lab3.gen/sources_1/bd/system/ip/system_processing_system7_0_0/system_processing_system7_0_0/system_processing_system7_0_0_in_context.xdc, line 176).
Applied set_property IO_BUFFER_TYPE = NONE for FIXED_IO_mio[23]. (constraint file  /home/rrr/XP/xup_fpga/lab3/lab3.gen/sources_1/bd/system/ip/system_processing_system7_0_0/system_processing_system7_0_0/system_processing_system7_0_0_in_context.xdc, line 177).
Applied set_property CLOCK_BUFFER_TYPE = NONE for FIXED_IO_mio[23]. (constraint file  /home/rrr/XP/xup_fpga/lab3/lab3.gen/sources_1/bd/system/ip/system_processing_system7_0_0/system_processing_system7_0_0/system_processing_system7_0_0_in_context.xdc, line 178).
Applied set_property IO_BUFFER_TYPE = NONE for FIXED_IO_mio[24]. (constraint file  /home/rrr/XP/xup_fpga/lab3/lab3.gen/sources_1/bd/system/ip/system_processing_system7_0_0/system_processing_system7_0_0/system_processing_system7_0_0_in_context.xdc, line 179).
Applied set_property CLOCK_BUFFER_TYPE = NONE for FIXED_IO_mio[24]. (constraint file  /home/rrr/XP/xup_fpga/lab3/lab3.gen/sources_1/bd/system/ip/system_processing_system7_0_0/system_processing_system7_0_0/system_processing_system7_0_0_in_context.xdc, line 180).
Applied set_property IO_BUFFER_TYPE = NONE for FIXED_IO_mio[25]. (constraint file  /home/rrr/XP/xup_fpga/lab3/lab3.gen/sources_1/bd/system/ip/system_processing_system7_0_0/system_processing_system7_0_0/system_processing_system7_0_0_in_context.xdc, line 181).
Applied set_property CLOCK_BUFFER_TYPE = NONE for FIXED_IO_mio[25]. (constraint file  /home/rrr/XP/xup_fpga/lab3/lab3.gen/sources_1/bd/system/ip/system_processing_system7_0_0/system_processing_system7_0_0/system_processing_system7_0_0_in_context.xdc, line 182).
Applied set_property IO_BUFFER_TYPE = NONE for FIXED_IO_mio[26]. (constraint file  /home/rrr/XP/xup_fpga/lab3/lab3.gen/sources_1/bd/system/ip/system_processing_system7_0_0/system_processing_system7_0_0/system_processing_system7_0_0_in_context.xdc, line 183).
Applied set_property CLOCK_BUFFER_TYPE = NONE for FIXED_IO_mio[26]. (constraint file  /home/rrr/XP/xup_fpga/lab3/lab3.gen/sources_1/bd/system/ip/system_processing_system7_0_0/system_processing_system7_0_0/system_processing_system7_0_0_in_context.xdc, line 184).
Applied set_property IO_BUFFER_TYPE = NONE for FIXED_IO_mio[27]. (constraint file  /home/rrr/XP/xup_fpga/lab3/lab3.gen/sources_1/bd/system/ip/system_processing_system7_0_0/system_processing_system7_0_0/system_processing_system7_0_0_in_context.xdc, line 185).
Applied set_property CLOCK_BUFFER_TYPE = NONE for FIXED_IO_mio[27]. (constraint file  /home/rrr/XP/xup_fpga/lab3/lab3.gen/sources_1/bd/system/ip/system_processing_system7_0_0/system_processing_system7_0_0/system_processing_system7_0_0_in_context.xdc, line 186).
Applied set_property IO_BUFFER_TYPE = NONE for FIXED_IO_mio[28]. (constraint file  /home/rrr/XP/xup_fpga/lab3/lab3.gen/sources_1/bd/system/ip/system_processing_system7_0_0/system_processing_system7_0_0/system_processing_system7_0_0_in_context.xdc, line 187).
Applied set_property CLOCK_BUFFER_TYPE = NONE for FIXED_IO_mio[28]. (constraint file  /home/rrr/XP/xup_fpga/lab3/lab3.gen/sources_1/bd/system/ip/system_processing_system7_0_0/system_processing_system7_0_0/system_processing_system7_0_0_in_context.xdc, line 188).
Applied set_property IO_BUFFER_TYPE = NONE for FIXED_IO_mio[29]. (constraint file  /home/rrr/XP/xup_fpga/lab3/lab3.gen/sources_1/bd/system/ip/system_processing_system7_0_0/system_processing_system7_0_0/system_processing_system7_0_0_in_context.xdc, line 189).
Applied set_property CLOCK_BUFFER_TYPE = NONE for FIXED_IO_mio[29]. (constraint file  /home/rrr/XP/xup_fpga/lab3/lab3.gen/sources_1/bd/system/ip/system_processing_system7_0_0/system_processing_system7_0_0/system_processing_system7_0_0_in_context.xdc, line 190).
Applied set_property IO_BUFFER_TYPE = NONE for FIXED_IO_mio[2]. (constraint file  /home/rrr/XP/xup_fpga/lab3/lab3.gen/sources_1/bd/system/ip/system_processing_system7_0_0/system_processing_system7_0_0/system_processing_system7_0_0_in_context.xdc, line 191).
Applied set_property CLOCK_BUFFER_TYPE = NONE for FIXED_IO_mio[2]. (constraint file  /home/rrr/XP/xup_fpga/lab3/lab3.gen/sources_1/bd/system/ip/system_processing_system7_0_0/system_processing_system7_0_0/system_processing_system7_0_0_in_context.xdc, line 192).
Applied set_property IO_BUFFER_TYPE = NONE for FIXED_IO_mio[30]. (constraint file  /home/rrr/XP/xup_fpga/lab3/lab3.gen/sources_1/bd/system/ip/system_processing_system7_0_0/system_processing_system7_0_0/system_processing_system7_0_0_in_context.xdc, line 193).
Applied set_property CLOCK_BUFFER_TYPE = NONE for FIXED_IO_mio[30]. (constraint file  /home/rrr/XP/xup_fpga/lab3/lab3.gen/sources_1/bd/system/ip/system_processing_system7_0_0/system_processing_system7_0_0/system_processing_system7_0_0_in_context.xdc, line 194).
Applied set_property IO_BUFFER_TYPE = NONE for FIXED_IO_mio[31]. (constraint file  /home/rrr/XP/xup_fpga/lab3/lab3.gen/sources_1/bd/system/ip/system_processing_system7_0_0/system_processing_system7_0_0/system_processing_system7_0_0_in_context.xdc, line 195).
Applied set_property CLOCK_BUFFER_TYPE = NONE for FIXED_IO_mio[31]. (constraint file  /home/rrr/XP/xup_fpga/lab3/lab3.gen/sources_1/bd/system/ip/system_processing_system7_0_0/system_processing_system7_0_0/system_processing_system7_0_0_in_context.xdc, line 196).
Applied set_property IO_BUFFER_TYPE = NONE for FIXED_IO_mio[32]. (constraint file  /home/rrr/XP/xup_fpga/lab3/lab3.gen/sources_1/bd/system/ip/system_processing_system7_0_0/system_processing_system7_0_0/system_processing_system7_0_0_in_context.xdc, line 197).
Applied set_property CLOCK_BUFFER_TYPE = NONE for FIXED_IO_mio[32]. (constraint file  /home/rrr/XP/xup_fpga/lab3/lab3.gen/sources_1/bd/system/ip/system_processing_system7_0_0/system_processing_system7_0_0/system_processing_system7_0_0_in_context.xdc, line 198).
Applied set_property IO_BUFFER_TYPE = NONE for FIXED_IO_mio[33]. (constraint file  /home/rrr/XP/xup_fpga/lab3/lab3.gen/sources_1/bd/system/ip/system_processing_system7_0_0/system_processing_system7_0_0/system_processing_system7_0_0_in_context.xdc, line 199).
Applied set_property CLOCK_BUFFER_TYPE = NONE for FIXED_IO_mio[33]. (constraint file  /home/rrr/XP/xup_fpga/lab3/lab3.gen/sources_1/bd/system/ip/system_processing_system7_0_0/system_processing_system7_0_0/system_processing_system7_0_0_in_context.xdc, line 200).
Applied set_property IO_BUFFER_TYPE = NONE for FIXED_IO_mio[34]. (constraint file  /home/rrr/XP/xup_fpga/lab3/lab3.gen/sources_1/bd/system/ip/system_processing_system7_0_0/system_processing_system7_0_0/system_processing_system7_0_0_in_context.xdc, line 201).
Applied set_property CLOCK_BUFFER_TYPE = NONE for FIXED_IO_mio[34]. (constraint file  /home/rrr/XP/xup_fpga/lab3/lab3.gen/sources_1/bd/system/ip/system_processing_system7_0_0/system_processing_system7_0_0/system_processing_system7_0_0_in_context.xdc, line 202).
Applied set_property IO_BUFFER_TYPE = NONE for FIXED_IO_mio[35]. (constraint file  /home/rrr/XP/xup_fpga/lab3/lab3.gen/sources_1/bd/system/ip/system_processing_system7_0_0/system_processing_system7_0_0/system_processing_system7_0_0_in_context.xdc, line 203).
Applied set_property CLOCK_BUFFER_TYPE = NONE for FIXED_IO_mio[35]. (constraint file  /home/rrr/XP/xup_fpga/lab3/lab3.gen/sources_1/bd/system/ip/system_processing_system7_0_0/system_processing_system7_0_0/system_processing_system7_0_0_in_context.xdc, line 204).
Applied set_property IO_BUFFER_TYPE = NONE for FIXED_IO_mio[36]. (constraint file  /home/rrr/XP/xup_fpga/lab3/lab3.gen/sources_1/bd/system/ip/system_processing_system7_0_0/system_processing_system7_0_0/system_processing_system7_0_0_in_context.xdc, line 205).
Applied set_property CLOCK_BUFFER_TYPE = NONE for FIXED_IO_mio[36]. (constraint file  /home/rrr/XP/xup_fpga/lab3/lab3.gen/sources_1/bd/system/ip/system_processing_system7_0_0/system_processing_system7_0_0/system_processing_system7_0_0_in_context.xdc, line 206).
Applied set_property IO_BUFFER_TYPE = NONE for FIXED_IO_mio[37]. (constraint file  /home/rrr/XP/xup_fpga/lab3/lab3.gen/sources_1/bd/system/ip/system_processing_system7_0_0/system_processing_system7_0_0/system_processing_system7_0_0_in_context.xdc, line 207).
Applied set_property CLOCK_BUFFER_TYPE = NONE for FIXED_IO_mio[37]. (constraint file  /home/rrr/XP/xup_fpga/lab3/lab3.gen/sources_1/bd/system/ip/system_processing_system7_0_0/system_processing_system7_0_0/system_processing_system7_0_0_in_context.xdc, line 208).
Applied set_property IO_BUFFER_TYPE = NONE for FIXED_IO_mio[38]. (constraint file  /home/rrr/XP/xup_fpga/lab3/lab3.gen/sources_1/bd/system/ip/system_processing_system7_0_0/system_processing_system7_0_0/system_processing_system7_0_0_in_context.xdc, line 209).
Applied set_property CLOCK_BUFFER_TYPE = NONE for FIXED_IO_mio[38]. (constraint file  /home/rrr/XP/xup_fpga/lab3/lab3.gen/sources_1/bd/system/ip/system_processing_system7_0_0/system_processing_system7_0_0/system_processing_system7_0_0_in_context.xdc, line 210).
Applied set_property IO_BUFFER_TYPE = NONE for FIXED_IO_mio[39]. (constraint file  /home/rrr/XP/xup_fpga/lab3/lab3.gen/sources_1/bd/system/ip/system_processing_system7_0_0/system_processing_system7_0_0/system_processing_system7_0_0_in_context.xdc, line 211).
Applied set_property CLOCK_BUFFER_TYPE = NONE for FIXED_IO_mio[39]. (constraint file  /home/rrr/XP/xup_fpga/lab3/lab3.gen/sources_1/bd/system/ip/system_processing_system7_0_0/system_processing_system7_0_0/system_processing_system7_0_0_in_context.xdc, line 212).
Applied set_property IO_BUFFER_TYPE = NONE for FIXED_IO_mio[3]. (constraint file  /home/rrr/XP/xup_fpga/lab3/lab3.gen/sources_1/bd/system/ip/system_processing_system7_0_0/system_processing_system7_0_0/system_processing_system7_0_0_in_context.xdc, line 213).
Applied set_property CLOCK_BUFFER_TYPE = NONE for FIXED_IO_mio[3]. (constraint file  /home/rrr/XP/xup_fpga/lab3/lab3.gen/sources_1/bd/system/ip/system_processing_system7_0_0/system_processing_system7_0_0/system_processing_system7_0_0_in_context.xdc, line 214).
Applied set_property IO_BUFFER_TYPE = NONE for FIXED_IO_mio[40]. (constraint file  /home/rrr/XP/xup_fpga/lab3/lab3.gen/sources_1/bd/system/ip/system_processing_system7_0_0/system_processing_system7_0_0/system_processing_system7_0_0_in_context.xdc, line 215).
Applied set_property CLOCK_BUFFER_TYPE = NONE for FIXED_IO_mio[40]. (constraint file  /home/rrr/XP/xup_fpga/lab3/lab3.gen/sources_1/bd/system/ip/system_processing_system7_0_0/system_processing_system7_0_0/system_processing_system7_0_0_in_context.xdc, line 216).
Applied set_property IO_BUFFER_TYPE = NONE for FIXED_IO_mio[41]. (constraint file  /home/rrr/XP/xup_fpga/lab3/lab3.gen/sources_1/bd/system/ip/system_processing_system7_0_0/system_processing_system7_0_0/system_processing_system7_0_0_in_context.xdc, line 217).
Applied set_property CLOCK_BUFFER_TYPE = NONE for FIXED_IO_mio[41]. (constraint file  /home/rrr/XP/xup_fpga/lab3/lab3.gen/sources_1/bd/system/ip/system_processing_system7_0_0/system_processing_system7_0_0/system_processing_system7_0_0_in_context.xdc, line 218).
Applied set_property IO_BUFFER_TYPE = NONE for FIXED_IO_mio[42]. (constraint file  /home/rrr/XP/xup_fpga/lab3/lab3.gen/sources_1/bd/system/ip/system_processing_system7_0_0/system_processing_system7_0_0/system_processing_system7_0_0_in_context.xdc, line 219).
Applied set_property CLOCK_BUFFER_TYPE = NONE for FIXED_IO_mio[42]. (constraint file  /home/rrr/XP/xup_fpga/lab3/lab3.gen/sources_1/bd/system/ip/system_processing_system7_0_0/system_processing_system7_0_0/system_processing_system7_0_0_in_context.xdc, line 220).
Applied set_property IO_BUFFER_TYPE = NONE for FIXED_IO_mio[43]. (constraint file  /home/rrr/XP/xup_fpga/lab3/lab3.gen/sources_1/bd/system/ip/system_processing_system7_0_0/system_processing_system7_0_0/system_processing_system7_0_0_in_context.xdc, line 221).
Applied set_property CLOCK_BUFFER_TYPE = NONE for FIXED_IO_mio[43]. (constraint file  /home/rrr/XP/xup_fpga/lab3/lab3.gen/sources_1/bd/system/ip/system_processing_system7_0_0/system_processing_system7_0_0/system_processing_system7_0_0_in_context.xdc, line 222).
Applied set_property IO_BUFFER_TYPE = NONE for FIXED_IO_mio[44]. (constraint file  /home/rrr/XP/xup_fpga/lab3/lab3.gen/sources_1/bd/system/ip/system_processing_system7_0_0/system_processing_system7_0_0/system_processing_system7_0_0_in_context.xdc, line 223).
Applied set_property CLOCK_BUFFER_TYPE = NONE for FIXED_IO_mio[44]. (constraint file  /home/rrr/XP/xup_fpga/lab3/lab3.gen/sources_1/bd/system/ip/system_processing_system7_0_0/system_processing_system7_0_0/system_processing_system7_0_0_in_context.xdc, line 224).
Applied set_property IO_BUFFER_TYPE = NONE for FIXED_IO_mio[45]. (constraint file  /home/rrr/XP/xup_fpga/lab3/lab3.gen/sources_1/bd/system/ip/system_processing_system7_0_0/system_processing_system7_0_0/system_processing_system7_0_0_in_context.xdc, line 225).
Applied set_property CLOCK_BUFFER_TYPE = NONE for FIXED_IO_mio[45]. (constraint file  /home/rrr/XP/xup_fpga/lab3/lab3.gen/sources_1/bd/system/ip/system_processing_system7_0_0/system_processing_system7_0_0/system_processing_system7_0_0_in_context.xdc, line 226).
Applied set_property IO_BUFFER_TYPE = NONE for FIXED_IO_mio[46]. (constraint file  /home/rrr/XP/xup_fpga/lab3/lab3.gen/sources_1/bd/system/ip/system_processing_system7_0_0/system_processing_system7_0_0/system_processing_system7_0_0_in_context.xdc, line 227).
Applied set_property CLOCK_BUFFER_TYPE = NONE for FIXED_IO_mio[46]. (constraint file  /home/rrr/XP/xup_fpga/lab3/lab3.gen/sources_1/bd/system/ip/system_processing_system7_0_0/system_processing_system7_0_0/system_processing_system7_0_0_in_context.xdc, line 228).
Applied set_property IO_BUFFER_TYPE = NONE for FIXED_IO_mio[47]. (constraint file  /home/rrr/XP/xup_fpga/lab3/lab3.gen/sources_1/bd/system/ip/system_processing_system7_0_0/system_processing_system7_0_0/system_processing_system7_0_0_in_context.xdc, line 229).
Applied set_property CLOCK_BUFFER_TYPE = NONE for FIXED_IO_mio[47]. (constraint file  /home/rrr/XP/xup_fpga/lab3/lab3.gen/sources_1/bd/system/ip/system_processing_system7_0_0/system_processing_system7_0_0/system_processing_system7_0_0_in_context.xdc, line 230).
Applied set_property IO_BUFFER_TYPE = NONE for FIXED_IO_mio[48]. (constraint file  /home/rrr/XP/xup_fpga/lab3/lab3.gen/sources_1/bd/system/ip/system_processing_system7_0_0/system_processing_system7_0_0/system_processing_system7_0_0_in_context.xdc, line 231).
Applied set_property CLOCK_BUFFER_TYPE = NONE for FIXED_IO_mio[48]. (constraint file  /home/rrr/XP/xup_fpga/lab3/lab3.gen/sources_1/bd/system/ip/system_processing_system7_0_0/system_processing_system7_0_0/system_processing_system7_0_0_in_context.xdc, line 232).
Applied set_property IO_BUFFER_TYPE = NONE for FIXED_IO_mio[49]. (constraint file  /home/rrr/XP/xup_fpga/lab3/lab3.gen/sources_1/bd/system/ip/system_processing_system7_0_0/system_processing_system7_0_0/system_processing_system7_0_0_in_context.xdc, line 233).
Applied set_property CLOCK_BUFFER_TYPE = NONE for FIXED_IO_mio[49]. (constraint file  /home/rrr/XP/xup_fpga/lab3/lab3.gen/sources_1/bd/system/ip/system_processing_system7_0_0/system_processing_system7_0_0/system_processing_system7_0_0_in_context.xdc, line 234).
Applied set_property IO_BUFFER_TYPE = NONE for FIXED_IO_mio[4]. (constraint file  /home/rrr/XP/xup_fpga/lab3/lab3.gen/sources_1/bd/system/ip/system_processing_system7_0_0/system_processing_system7_0_0/system_processing_system7_0_0_in_context.xdc, line 235).
Applied set_property CLOCK_BUFFER_TYPE = NONE for FIXED_IO_mio[4]. (constraint file  /home/rrr/XP/xup_fpga/lab3/lab3.gen/sources_1/bd/system/ip/system_processing_system7_0_0/system_processing_system7_0_0/system_processing_system7_0_0_in_context.xdc, line 236).
Applied set_property IO_BUFFER_TYPE = NONE for FIXED_IO_mio[50]. (constraint file  /home/rrr/XP/xup_fpga/lab3/lab3.gen/sources_1/bd/system/ip/system_processing_system7_0_0/system_processing_system7_0_0/system_processing_system7_0_0_in_context.xdc, line 237).
Applied set_property CLOCK_BUFFER_TYPE = NONE for FIXED_IO_mio[50]. (constraint file  /home/rrr/XP/xup_fpga/lab3/lab3.gen/sources_1/bd/system/ip/system_processing_system7_0_0/system_processing_system7_0_0/system_processing_system7_0_0_in_context.xdc, line 238).
Applied set_property IO_BUFFER_TYPE = NONE for FIXED_IO_mio[51]. (constraint file  /home/rrr/XP/xup_fpga/lab3/lab3.gen/sources_1/bd/system/ip/system_processing_system7_0_0/system_processing_system7_0_0/system_processing_system7_0_0_in_context.xdc, line 239).
Applied set_property CLOCK_BUFFER_TYPE = NONE for FIXED_IO_mio[51]. (constraint file  /home/rrr/XP/xup_fpga/lab3/lab3.gen/sources_1/bd/system/ip/system_processing_system7_0_0/system_processing_system7_0_0/system_processing_system7_0_0_in_context.xdc, line 240).
Applied set_property IO_BUFFER_TYPE = NONE for FIXED_IO_mio[52]. (constraint file  /home/rrr/XP/xup_fpga/lab3/lab3.gen/sources_1/bd/system/ip/system_processing_system7_0_0/system_processing_system7_0_0/system_processing_system7_0_0_in_context.xdc, line 241).
Applied set_property CLOCK_BUFFER_TYPE = NONE for FIXED_IO_mio[52]. (constraint file  /home/rrr/XP/xup_fpga/lab3/lab3.gen/sources_1/bd/system/ip/system_processing_system7_0_0/system_processing_system7_0_0/system_processing_system7_0_0_in_context.xdc, line 242).
Applied set_property IO_BUFFER_TYPE = NONE for FIXED_IO_mio[53]. (constraint file  /home/rrr/XP/xup_fpga/lab3/lab3.gen/sources_1/bd/system/ip/system_processing_system7_0_0/system_processing_system7_0_0/system_processing_system7_0_0_in_context.xdc, line 243).
Applied set_property CLOCK_BUFFER_TYPE = NONE for FIXED_IO_mio[53]. (constraint file  /home/rrr/XP/xup_fpga/lab3/lab3.gen/sources_1/bd/system/ip/system_processing_system7_0_0/system_processing_system7_0_0/system_processing_system7_0_0_in_context.xdc, line 244).
Applied set_property IO_BUFFER_TYPE = NONE for FIXED_IO_mio[5]. (constraint file  /home/rrr/XP/xup_fpga/lab3/lab3.gen/sources_1/bd/system/ip/system_processing_system7_0_0/system_processing_system7_0_0/system_processing_system7_0_0_in_context.xdc, line 245).
Applied set_property CLOCK_BUFFER_TYPE = NONE for FIXED_IO_mio[5]. (constraint file  /home/rrr/XP/xup_fpga/lab3/lab3.gen/sources_1/bd/system/ip/system_processing_system7_0_0/system_processing_system7_0_0/system_processing_system7_0_0_in_context.xdc, line 246).
Applied set_property IO_BUFFER_TYPE = NONE for FIXED_IO_mio[6]. (constraint file  /home/rrr/XP/xup_fpga/lab3/lab3.gen/sources_1/bd/system/ip/system_processing_system7_0_0/system_processing_system7_0_0/system_processing_system7_0_0_in_context.xdc, line 247).
Applied set_property CLOCK_BUFFER_TYPE = NONE for FIXED_IO_mio[6]. (constraint file  /home/rrr/XP/xup_fpga/lab3/lab3.gen/sources_1/bd/system/ip/system_processing_system7_0_0/system_processing_system7_0_0/system_processing_system7_0_0_in_context.xdc, line 248).
Applied set_property IO_BUFFER_TYPE = NONE for FIXED_IO_mio[7]. (constraint file  /home/rrr/XP/xup_fpga/lab3/lab3.gen/sources_1/bd/system/ip/system_processing_system7_0_0/system_processing_system7_0_0/system_processing_system7_0_0_in_context.xdc, line 249).
Applied set_property CLOCK_BUFFER_TYPE = NONE for FIXED_IO_mio[7]. (constraint file  /home/rrr/XP/xup_fpga/lab3/lab3.gen/sources_1/bd/system/ip/system_processing_system7_0_0/system_processing_system7_0_0/system_processing_system7_0_0_in_context.xdc, line 250).
Applied set_property IO_BUFFER_TYPE = NONE for FIXED_IO_mio[8]. (constraint file  /home/rrr/XP/xup_fpga/lab3/lab3.gen/sources_1/bd/system/ip/system_processing_system7_0_0/system_processing_system7_0_0/system_processing_system7_0_0_in_context.xdc, line 251).
Applied set_property CLOCK_BUFFER_TYPE = NONE for FIXED_IO_mio[8]. (constraint file  /home/rrr/XP/xup_fpga/lab3/lab3.gen/sources_1/bd/system/ip/system_processing_system7_0_0/system_processing_system7_0_0/system_processing_system7_0_0_in_context.xdc, line 252).
Applied set_property IO_BUFFER_TYPE = NONE for FIXED_IO_mio[9]. (constraint file  /home/rrr/XP/xup_fpga/lab3/lab3.gen/sources_1/bd/system/ip/system_processing_system7_0_0/system_processing_system7_0_0/system_processing_system7_0_0_in_context.xdc, line 253).
Applied set_property CLOCK_BUFFER_TYPE = NONE for FIXED_IO_mio[9]. (constraint file  /home/rrr/XP/xup_fpga/lab3/lab3.gen/sources_1/bd/system/ip/system_processing_system7_0_0/system_processing_system7_0_0/system_processing_system7_0_0_in_context.xdc, line 254).
Applied set_property IO_BUFFER_TYPE = NONE for FIXED_IO_ps_clk. (constraint file  /home/rrr/XP/xup_fpga/lab3/lab3.gen/sources_1/bd/system/ip/system_processing_system7_0_0/system_processing_system7_0_0/system_processing_system7_0_0_in_context.xdc, line 255).
Applied set_property CLOCK_BUFFER_TYPE = NONE for FIXED_IO_ps_clk. (constraint file  /home/rrr/XP/xup_fpga/lab3/lab3.gen/sources_1/bd/system/ip/system_processing_system7_0_0/system_processing_system7_0_0/system_processing_system7_0_0_in_context.xdc, line 256).
Applied set_property IO_BUFFER_TYPE = NONE for FIXED_IO_ps_porb. (constraint file  /home/rrr/XP/xup_fpga/lab3/lab3.gen/sources_1/bd/system/ip/system_processing_system7_0_0/system_processing_system7_0_0/system_processing_system7_0_0_in_context.xdc, line 257).
Applied set_property CLOCK_BUFFER_TYPE = NONE for FIXED_IO_ps_porb. (constraint file  /home/rrr/XP/xup_fpga/lab3/lab3.gen/sources_1/bd/system/ip/system_processing_system7_0_0/system_processing_system7_0_0/system_processing_system7_0_0_in_context.xdc, line 258).
Applied set_property IO_BUFFER_TYPE = NONE for FIXED_IO_ps_srstb. (constraint file  /home/rrr/XP/xup_fpga/lab3/lab3.gen/sources_1/bd/system/ip/system_processing_system7_0_0/system_processing_system7_0_0/system_processing_system7_0_0_in_context.xdc, line 259).
Applied set_property CLOCK_BUFFER_TYPE = NONE for FIXED_IO_ps_srstb. (constraint file  /home/rrr/XP/xup_fpga/lab3/lab3.gen/sources_1/bd/system/ip/system_processing_system7_0_0/system_processing_system7_0_0/system_processing_system7_0_0_in_context.xdc, line 260).
Applied set_property KEEP_HIERARCHY = SOFT for system_i. (constraint file  auto generated constraint).
Applied set_property KEEP_HIERARCHY = SOFT for system_i/processing_system7_0. (constraint file  auto generated constraint).
Applied set_property KEEP_HIERARCHY = SOFT for system_i/uart_led_0. (constraint file  auto generated constraint).
---------------------------------------------------------------------------------
Finished applying 'set_property' XDC Constraints : Time (s): cpu = 00:00:14 ; elapsed = 00:00:14 . Memory (MB): peak = 2136.895 ; gain = 497.434 ; free physical = 2226 ; free virtual = 5831
Synthesis current peak Physical Memory [PSS] (MB): peak = 1423.832; parent = 1209.867; children = 214.348
Synthesis current peak Virtual Memory [VSS] (MB): peak = 3058.184; parent = 2104.879; children = 953.305
---------------------------------------------------------------------------------
---------------------------------------------------------------------------------
Finished RTL Optimization Phase 2 : Time (s): cpu = 00:00:14 ; elapsed = 00:00:14 . Memory (MB): peak = 2136.895 ; gain = 497.434 ; free physical = 2224 ; free virtual = 5829
Synthesis current peak Physical Memory [PSS] (MB): peak = 1423.832; parent = 1209.867; children = 214.348
Synthesis current peak Virtual Memory [VSS] (MB): peak = 3058.184; parent = 2104.879; children = 953.305
---------------------------------------------------------------------------------
---------------------------------------------------------------------------------
Start RTL Component Statistics 
---------------------------------------------------------------------------------
Detailed RTL Component Info : 
---------------------------------------------------------------------------------
Finished RTL Component Statistics 
---------------------------------------------------------------------------------
---------------------------------------------------------------------------------
Start Part Resource Summary
---------------------------------------------------------------------------------
Part Resources:
DSPs: 220 (col length:60)
BRAMs: 280 (col length: RAMB18 60 RAMB36 30)
---------------------------------------------------------------------------------
Finished Part Resource Summary
---------------------------------------------------------------------------------
---------------------------------------------------------------------------------
Start Cross Boundary and Area Optimization
---------------------------------------------------------------------------------
WARNING: [Synth 8-7080] Parallel synthesis criteria is not met
---------------------------------------------------------------------------------
Finished Cross Boundary and Area Optimization : Time (s): cpu = 00:00:15 ; elapsed = 00:00:15 . Memory (MB): peak = 2136.895 ; gain = 497.434 ; free physical = 2213 ; free virtual = 5822
Synthesis current peak Physical Memory [PSS] (MB): peak = 1423.832; parent = 1209.867; children = 214.348
Synthesis current peak Virtual Memory [VSS] (MB): peak = 3058.184; parent = 2104.879; children = 953.305
---------------------------------------------------------------------------------
---------------------------------------------------------------------------------
Start Applying XDC Timing Constraints
---------------------------------------------------------------------------------
---------------------------------------------------------------------------------
Finished Applying XDC Timing Constraints : Time (s): cpu = 00:00:21 ; elapsed = 00:00:22 . Memory (MB): peak = 2136.895 ; gain = 497.434 ; free physical = 2088 ; free virtual = 5696
Synthesis current peak Physical Memory [PSS] (MB): peak = 1507.348; parent = 1293.505; children = 214.348
Synthesis current peak Virtual Memory [VSS] (MB): peak = 3058.184; parent = 2104.879; children = 953.305
---------------------------------------------------------------------------------
---------------------------------------------------------------------------------
Start Timing Optimization
---------------------------------------------------------------------------------
---------------------------------------------------------------------------------
Finished Timing Optimization : Time (s): cpu = 00:00:21 ; elapsed = 00:00:22 . Memory (MB): peak = 2136.895 ; gain = 497.434 ; free physical = 2088 ; free virtual = 5696
Synthesis current peak Physical Memory [PSS] (MB): peak = 1507.602; parent = 1293.765; children = 214.348
Synthesis current peak Virtual Memory [VSS] (MB): peak = 3058.184; parent = 2104.879; children = 953.305
---------------------------------------------------------------------------------
---------------------------------------------------------------------------------
Start Technology Mapping
---------------------------------------------------------------------------------
---------------------------------------------------------------------------------
Finished Technology Mapping : Time (s): cpu = 00:00:21 ; elapsed = 00:00:22 . Memory (MB): peak = 2136.895 ; gain = 497.434 ; free physical = 2084 ; free virtual = 5693
Synthesis current peak Physical Memory [PSS] (MB): peak = 1508.066; parent = 1294.229; children = 214.348
Synthesis current peak Virtual Memory [VSS] (MB): peak = 3058.184; parent = 2104.879; children = 953.305
---------------------------------------------------------------------------------
---------------------------------------------------------------------------------
Start IO Insertion
---------------------------------------------------------------------------------
---------------------------------------------------------------------------------
Start Flattening Before IO Insertion
---------------------------------------------------------------------------------
---------------------------------------------------------------------------------
Finished Flattening Before IO Insertion
---------------------------------------------------------------------------------
---------------------------------------------------------------------------------
Start Final Netlist Cleanup
---------------------------------------------------------------------------------
---------------------------------------------------------------------------------
Finished Final Netlist Cleanup
---------------------------------------------------------------------------------
---------------------------------------------------------------------------------
Finished IO Insertion : Time (s): cpu = 00:00:24 ; elapsed = 00:00:25 . Memory (MB): peak = 2136.895 ; gain = 497.434 ; free physical = 2084 ; free virtual = 5693
Synthesis current peak Physical Memory [PSS] (MB): peak = 1508.199; parent = 1294.362; children = 214.348
Synthesis current peak Virtual Memory [VSS] (MB): peak = 3058.184; parent = 2104.879; children = 953.305
---------------------------------------------------------------------------------
---------------------------------------------------------------------------------
Start Renaming Generated Instances
---------------------------------------------------------------------------------
---------------------------------------------------------------------------------
Finished Renaming Generated Instances : Time (s): cpu = 00:00:24 ; elapsed = 00:00:25 . Memory (MB): peak = 2136.895 ; gain = 497.434 ; free physical = 2084 ; free virtual = 5693
Synthesis current peak Physical Memory [PSS] (MB): peak = 1508.215; parent = 1294.378; children = 214.348
Synthesis current peak Virtual Memory [VSS] (MB): peak = 3058.184; parent = 2104.879; children = 953.305
---------------------------------------------------------------------------------
---------------------------------------------------------------------------------
Start Rebuilding User Hierarchy
---------------------------------------------------------------------------------
---------------------------------------------------------------------------------
Finished Rebuilding User Hierarchy : Time (s): cpu = 00:00:24 ; elapsed = 00:00:25 . Memory (MB): peak = 2136.895 ; gain = 497.434 ; free physical = 2084 ; free virtual = 5693
Synthesis current peak Physical Memory [PSS] (MB): peak = 1508.230; parent = 1294.394; children = 214.348
Synthesis current peak Virtual Memory [VSS] (MB): peak = 3058.184; parent = 2104.879; children = 953.305
---------------------------------------------------------------------------------
---------------------------------------------------------------------------------
Start Renaming Generated Ports
---------------------------------------------------------------------------------
---------------------------------------------------------------------------------
Finished Renaming Generated Ports : Time (s): cpu = 00:00:24 ; elapsed = 00:00:25 . Memory (MB): peak = 2136.895 ; gain = 497.434 ; free physical = 2084 ; free virtual = 5693
Synthesis current peak Physical Memory [PSS] (MB): peak = 1508.246; parent = 1294.409; children = 214.348
Synthesis current peak Virtual Memory [VSS] (MB): peak = 3058.184; parent = 2104.879; children = 953.305
---------------------------------------------------------------------------------
---------------------------------------------------------------------------------
Start Handling Custom Attributes
---------------------------------------------------------------------------------
---------------------------------------------------------------------------------
Finished Handling Custom Attributes : Time (s): cpu = 00:00:24 ; elapsed = 00:00:25 . Memory (MB): peak = 2136.895 ; gain = 497.434 ; free physical = 2084 ; free virtual = 5693
Synthesis current peak Physical Memory [PSS] (MB): peak = 1508.246; parent = 1294.409; children = 214.348
Synthesis current peak Virtual Memory [VSS] (MB): peak = 3058.184; parent = 2104.879; children = 953.305
---------------------------------------------------------------------------------
---------------------------------------------------------------------------------
Start Renaming Generated Nets
---------------------------------------------------------------------------------
---------------------------------------------------------------------------------
Finished Renaming Generated Nets : Time (s): cpu = 00:00:25 ; elapsed = 00:00:25 . Memory (MB): peak = 2136.895 ; gain = 497.434 ; free physical = 2084 ; free virtual = 5693
Synthesis current peak Physical Memory [PSS] (MB): peak = 1508.246; parent = 1294.409; children = 214.348
Synthesis current peak Virtual Memory [VSS] (MB): peak = 3058.184; parent = 2104.879; children = 953.305
---------------------------------------------------------------------------------
---------------------------------------------------------------------------------
Start Writing Synthesis Report
---------------------------------------------------------------------------------

Report BlackBoxes: 
+------+------------------------------+----------+
|      |BlackBox name                 |Instances |
+------+------------------------------+----------+
|1     |system_processing_system7_0_0 |         1|
|2     |system_uart_led_0_0           |         1|
+------+------------------------------+----------+

Report Cell Usage: 
+------+----------------------------+------+
|      |Cell                        |Count |
+------+----------------------------+------+
|1     |system_processing_system7_0 |     1|
|2     |system_uart_led_0           |     1|
|3     |IBUF                        |     3|
|4     |OBUF                        |     8|
+------+----------------------------+------+
---------------------------------------------------------------------------------
Finished Writing Synthesis Report : Time (s): cpu = 00:00:25 ; elapsed = 00:00:25 . Memory (MB): peak = 2136.895 ; gain = 497.434 ; free physical = 2084 ; free virtual = 5693
Synthesis current peak Physical Memory [PSS] (MB): peak = 1508.277; parent = 1294.440; children = 214.348
Synthesis current peak Virtual Memory [VSS] (MB): peak = 3058.184; parent = 2104.879; children = 953.305
---------------------------------------------------------------------------------
Synthesis finished with 0 errors, 0 critical warnings and 1 warnings.
Synthesis Optimization Runtime : Time (s): cpu = 00:00:22 ; elapsed = 00:00:23 . Memory (MB): peak = 2136.895 ; gain = 448.508 ; free physical = 2143 ; free virtual = 5752
Synthesis Optimization Complete : Time (s): cpu = 00:00:25 ; elapsed = 00:00:26 . Memory (MB): peak = 2136.895 ; gain = 497.434 ; free physical = 2143 ; free virtual = 5752
INFO: [Project 1-571] Translating synthesized netlist
Netlist sorting complete. Time (s): cpu = 00:00:00.01 ; elapsed = 00:00:00 . Memory (MB): peak = 2136.895 ; gain = 0.000 ; free physical = 2260 ; free virtual = 5869
INFO: [Project 1-570] Preparing netlist for logic optimization
INFO: [Opt 31-138] Pushed 0 inverter(s) to 0 load pin(s).
Netlist sorting complete. Time (s): cpu = 00:00:00 ; elapsed = 00:00:00 . Memory (MB): peak = 2136.895 ; gain = 0.000 ; free physical = 2202 ; free virtual = 5811
INFO: [Project 1-111] Unisim Transformation Summary:
No Unisim elements were transformed.

Synth Design complete, checksum: 1039a684
INFO: [Common 17-83] Releasing license: Synthesis
33 Infos, 3 Warnings, 0 Critical Warnings and 0 Errors encountered.
synth_design completed successfully
synth_design: Time (s): cpu = 00:00:33 ; elapsed = 00:00:31 . Memory (MB): peak = 2136.895 ; gain = 744.066 ; free physical = 2404 ; free virtual = 6012
INFO: [Common 17-1381] The checkpoint '/home/rrr/XP/xup_fpga/lab3/lab3.runs/synth_1/system_wrapper.dcp' has been generated.
INFO: [runtcl-4] Executing : report_utilization -file system_wrapper_utilization_synth.rpt -pb system_wrapper_utilization_synth.pb
INFO: [Common 17-206] Exiting Vivado at Sun Feb 11 00:07:14 2024...
