
*** Running vivado
    with args -log system_wrapper.vdi -applog -m64 -product Vivado -messageDb vivado.pb -mode batch -source system_wrapper.tcl -notrace


****** Vivado v2022.2 (64-bit)
  **** SW Build 3671981 on Fri Oct 14 04:59:54 MDT 2022
  **** IP Build 3669848 on Fri Oct 14 08:30:02 MDT 2022
    ** Copyright 1986-2022 Xilinx, Inc. All Rights Reserved.

source system_wrapper.tcl -notrace
create_project: Time (s): cpu = 00:00:07 ; elapsed = 00:00:08 . Memory (MB): peak = 1311.820 ; gain = 0.023 ; free physical = 3026 ; free virtual = 6630
INFO: [IP_Flow 19-234] Refreshing IP repositories
INFO: [IP_Flow 19-1704] No user IP repositories specified
INFO: [IP_Flow 19-2313] Loaded Vivado IP repository '/tools/Xilinx/Vivado/2022.2/data/ip'.
Command: link_design -top system_wrapper -part xc7z020clg400-1
Design is defaulting to srcset: sources_1
Design is defaulting to constrset: constrs_1
INFO: [Device 21-403] Loading part xc7z020clg400-1
INFO: [Project 1-454] Reading design checkpoint '/home/rrr/XP/xup_fpga/lab3/lab3.gen/sources_1/bd/system/ip/system_processing_system7_0_0/system_processing_system7_0_0.dcp' for cell 'system_i/processing_system7_0'
INFO: [Project 1-454] Reading design checkpoint '/home/rrr/XP/xup_fpga/lab3/lab3.gen/sources_1/bd/system/ip/system_uart_led_0_0/system_uart_led_0_0.dcp' for cell 'system_i/uart_led_0'
Netlist sorting complete. Time (s): cpu = 00:00:00.01 ; elapsed = 00:00:00.01 . Memory (MB): peak = 1658.305 ; gain = 0.000 ; free physical = 2627 ; free virtual = 6231
INFO: [Project 1-479] Netlist was created with Vivado 2022.2
INFO: [Project 1-570] Preparing netlist for logic optimization
Parsing XDC File [/home/rrr/XP/xup_fpga/lab3/lab3.gen/sources_1/bd/system/ip/system_processing_system7_0_0/system_processing_system7_0_0.xdc] for cell 'system_i/processing_system7_0/inst'
Finished Parsing XDC File [/home/rrr/XP/xup_fpga/lab3/lab3.gen/sources_1/bd/system/ip/system_processing_system7_0_0/system_processing_system7_0_0.xdc] for cell 'system_i/processing_system7_0/inst'
Parsing XDC File [/home/rrr/XP/xup_fpga/lab3/lab3.srcs/constrs_1/imports/lab2/uart_led_pins_pynq.xdc]
Finished Parsing XDC File [/home/rrr/XP/xup_fpga/lab3/lab3.srcs/constrs_1/imports/lab2/uart_led_pins_pynq.xdc]
Parsing XDC File [/home/rrr/XP/xup_fpga/lab3/lab3.srcs/constrs_1/imports/lab2/uart_led_timing_pynq.xdc]
INFO: [Constraints 18-483] create_clock: no pin(s)/port(s)/net(s) specified as objects, only virtual clock 'virtual_clock' will be created. If you don't want this, please specify pin(s)/ports(s)/net(s) as objects to the command. [/home/rrr/XP/xup_fpga/lab3/lab3.srcs/constrs_1/imports/lab2/uart_led_timing_pynq.xdc:27]
Finished Parsing XDC File [/home/rrr/XP/xup_fpga/lab3/lab3.srcs/constrs_1/imports/lab2/uart_led_timing_pynq.xdc]
INFO: [Opt 31-138] Pushed 0 inverter(s) to 0 load pin(s).
Netlist sorting complete. Time (s): cpu = 00:00:00 ; elapsed = 00:00:00 . Memory (MB): peak = 1872.828 ; gain = 0.000 ; free physical = 2536 ; free virtual = 6140
INFO: [Project 1-111] Unisim Transformation Summary:
No Unisim elements were transformed.

11 Infos, 0 Warnings, 0 Critical Warnings and 0 Errors encountered.
link_design completed successfully
link_design: Time (s): cpu = 00:00:16 ; elapsed = 00:00:17 . Memory (MB): peak = 1872.828 ; gain = 472.965 ; free physical = 2536 ; free virtual = 6140
Command: opt_design
Attempting to get a license for feature 'Implementation' and/or device 'xc7z020'
INFO: [Common 17-349] Got license for feature 'Implementation' and/or device 'xc7z020'
Running DRC as a precondition to command opt_design

Starting DRC Task
INFO: [DRC 23-27] Running DRC with 8 threads
INFO: [Project 1-461] DRC finished with 0 Errors
INFO: [Project 1-462] Please refer to the DRC report (report_drc) for more information.

Time (s): cpu = 00:00:01 ; elapsed = 00:00:00.83 . Memory (MB): peak = 1875.566 ; gain = 2.738 ; free physical = 2518 ; free virtual = 6122

Starting Cache Timing Information Task
INFO: [Constraints 18-483] create_clock: no pin(s)/port(s)/net(s) specified as objects, only virtual clock 'virtual_clock' will be created. If you don't want this, please specify pin(s)/ports(s)/net(s) as objects to the command. [/home/rrr/XP/xup_fpga/lab3/lab3.srcs/constrs_1/imports/lab2/uart_led_timing_pynq.xdc:27]
INFO: [Timing 38-35] Done setting XDC timing constraints.
Ending Cache Timing Information Task | Checksum: 13393783a

Time (s): cpu = 00:00:08 ; elapsed = 00:00:08 . Memory (MB): peak = 2261.426 ; gain = 385.859 ; free physical = 2088 ; free virtual = 5692

Starting Logic Optimization Task

Phase 1 Retarget
INFO: [Opt 31-138] Pushed 0 inverter(s) to 0 load pin(s).
INFO: [Opt 31-49] Retargeted 0 cell(s).
Phase 1 Retarget | Checksum: 13b7804c5

Time (s): cpu = 00:00:00.03 ; elapsed = 00:00:00.04 . Memory (MB): peak = 2541.316 ; gain = 0.000 ; free physical = 1847 ; free virtual = 5451
INFO: [Opt 31-389] Phase Retarget created 0 cells and removed 24 cells

Phase 2 Constant propagation
INFO: [Opt 31-138] Pushed 0 inverter(s) to 0 load pin(s).
Phase 2 Constant propagation | Checksum: 13b7804c5

Time (s): cpu = 00:00:00.03 ; elapsed = 00:00:00.04 . Memory (MB): peak = 2541.316 ; gain = 0.000 ; free physical = 1847 ; free virtual = 5451
INFO: [Opt 31-389] Phase Constant propagation created 0 cells and removed 0 cells

Phase 3 Sweep
Phase 3 Sweep | Checksum: 1cedf6640

Time (s): cpu = 00:00:00.09 ; elapsed = 00:00:00.1 . Memory (MB): peak = 2541.316 ; gain = 0.000 ; free physical = 1846 ; free virtual = 5450
INFO: [Opt 31-389] Phase Sweep created 0 cells and removed 1 cells

Phase 4 BUFG optimization
INFO: [Opt 31-194] Inserted BUFG clk_pin_IBUF_BUFG_inst to drive 59 load(s) on clock net clk_pin_IBUF_BUFG
INFO: [Opt 31-193] Inserted 1 BUFG(s) on clock nets
Phase 4 BUFG optimization | Checksum: 1749c85d7

Time (s): cpu = 00:00:00.09 ; elapsed = 00:00:00.12 . Memory (MB): peak = 2573.332 ; gain = 32.016 ; free physical = 1848 ; free virtual = 5452
INFO: [Opt 31-662] Phase BUFG optimization created 1 cells of which 1 are BUFGs and removed 0 cells.

Phase 5 Shift Register Optimization
INFO: [Opt 31-1064] SRL Remap converted 0 SRLs to 0 registers and converted 0 registers of register chains to 0 SRLs
Phase 5 Shift Register Optimization | Checksum: 1749c85d7

Time (s): cpu = 00:00:00.1 ; elapsed = 00:00:00.12 . Memory (MB): peak = 2573.332 ; gain = 32.016 ; free physical = 1848 ; free virtual = 5452
INFO: [Opt 31-389] Phase Shift Register Optimization created 0 cells and removed 0 cells

Phase 6 Post Processing Netlist
Phase 6 Post Processing Netlist | Checksum: 1749c85d7

Time (s): cpu = 00:00:00.1 ; elapsed = 00:00:00.12 . Memory (MB): peak = 2573.332 ; gain = 32.016 ; free physical = 1848 ; free virtual = 5452
INFO: [Opt 31-389] Phase Post Processing Netlist created 0 cells and removed 0 cells
Opt_design Change Summary
=========================


-------------------------------------------------------------------------------------------------------------------------
|  Phase                        |  #Cells created  |  #Cells Removed  |  #Constrained objects preventing optimizations  |
-------------------------------------------------------------------------------------------------------------------------
|  Retarget                     |               0  |              24  |                                              0  |
|  Constant propagation         |               0  |               0  |                                              0  |
|  Sweep                        |               0  |               1  |                                              0  |
|  BUFG optimization            |               1  |               0  |                                              0  |
|  Shift Register Optimization  |               0  |               0  |                                              0  |
|  Post Processing Netlist      |               0  |               0  |                                              0  |
-------------------------------------------------------------------------------------------------------------------------



Starting Connectivity Check Task

Time (s): cpu = 00:00:00 ; elapsed = 00:00:00 . Memory (MB): peak = 2573.332 ; gain = 0.000 ; free physical = 1848 ; free virtual = 5452
Ending Logic Optimization Task | Checksum: 166deef30

Time (s): cpu = 00:00:00.12 ; elapsed = 00:00:00.15 . Memory (MB): peak = 2573.332 ; gain = 32.016 ; free physical = 1848 ; free virtual = 5452

Starting Power Optimization Task
INFO: [Pwropt 34-132] Skipping clock gating for clocks with a period < 2.00 ns.
Ending Power Optimization Task | Checksum: 166deef30

Time (s): cpu = 00:00:00.01 ; elapsed = 00:00:00 . Memory (MB): peak = 2573.332 ; gain = 0.000 ; free physical = 1847 ; free virtual = 5451

Starting Final Cleanup Task
Ending Final Cleanup Task | Checksum: 166deef30

Time (s): cpu = 00:00:00 ; elapsed = 00:00:00.01 . Memory (MB): peak = 2573.332 ; gain = 0.000 ; free physical = 1847 ; free virtual = 5451

Starting Netlist Obfuscation Task
Netlist sorting complete. Time (s): cpu = 00:00:00 ; elapsed = 00:00:00 . Memory (MB): peak = 2573.332 ; gain = 0.000 ; free physical = 1847 ; free virtual = 5451
Ending Netlist Obfuscation Task | Checksum: 166deef30

Time (s): cpu = 00:00:00.01 ; elapsed = 00:00:00 . Memory (MB): peak = 2573.332 ; gain = 0.000 ; free physical = 1847 ; free virtual = 5451
INFO: [Common 17-83] Releasing license: Implementation
31 Infos, 0 Warnings, 0 Critical Warnings and 0 Errors encountered.
opt_design completed successfully
opt_design: Time (s): cpu = 00:00:12 ; elapsed = 00:00:12 . Memory (MB): peak = 2573.332 ; gain = 700.504 ; free physical = 1847 ; free virtual = 5451
INFO: [Timing 38-480] Writing timing data to binary archive.
Writing XDEF routing.
Writing XDEF routing logical nets.
Writing XDEF routing special nets.
Write XDEF Complete: Time (s): cpu = 00:00:00.16 ; elapsed = 00:00:00.05 . Memory (MB): peak = 2621.355 ; gain = 40.020 ; free physical = 1840 ; free virtual = 5445
INFO: [Common 17-1381] The checkpoint '/home/rrr/XP/xup_fpga/lab3/lab3.runs/impl_1/system_wrapper_opt.dcp' has been generated.
INFO: [runtcl-4] Executing : report_drc -file system_wrapper_drc_opted.rpt -pb system_wrapper_drc_opted.pb -rpx system_wrapper_drc_opted.rpx
Command: report_drc -file system_wrapper_drc_opted.rpt -pb system_wrapper_drc_opted.pb -rpx system_wrapper_drc_opted.rpx
INFO: [IP_Flow 19-1839] IP Catalog is up to date.
INFO: [DRC 23-27] Running DRC with 8 threads
INFO: [Vivado_Tcl 2-168] The results of DRC are in file /home/rrr/XP/xup_fpga/lab3/lab3.runs/impl_1/system_wrapper_drc_opted.rpt.
report_drc completed successfully
Command: place_design
Attempting to get a license for feature 'Implementation' and/or device 'xc7z020'
INFO: [Common 17-349] Got license for feature 'Implementation' and/or device 'xc7z020'
INFO: [DRC 23-27] Running DRC with 8 threads
INFO: [Vivado_Tcl 4-198] DRC finished with 0 Errors
INFO: [Vivado_Tcl 4-199] Please refer to the DRC report (report_drc) for more information.
Running DRC as a precondition to command place_design
INFO: [DRC 23-27] Running DRC with 8 threads
INFO: [Vivado_Tcl 4-198] DRC finished with 0 Errors
INFO: [Vivado_Tcl 4-199] Please refer to the DRC report (report_drc) for more information.

Starting Placer Task
INFO: [Place 30-611] Multithreading enabled for place_design using a maximum of 8 CPUs

Phase 1 Placer Initialization

Phase 1.1 Placer Initialization Netlist Sorting
Netlist sorting complete. Time (s): cpu = 00:00:00 ; elapsed = 00:00:00 . Memory (MB): peak = 2704.297 ; gain = 0.000 ; free physical = 1818 ; free virtual = 5423
Phase 1.1 Placer Initialization Netlist Sorting | Checksum: c4d5c073

Time (s): cpu = 00:00:00.01 ; elapsed = 00:00:00.01 . Memory (MB): peak = 2704.297 ; gain = 0.000 ; free physical = 1818 ; free virtual = 5423
Netlist sorting complete. Time (s): cpu = 00:00:00 ; elapsed = 00:00:00 . Memory (MB): peak = 2704.297 ; gain = 0.000 ; free physical = 1818 ; free virtual = 5423

Phase 1.2 IO Placement/ Clock Placement/ Build Placer Device
INFO: [Constraints 18-483] create_clock: no pin(s)/port(s)/net(s) specified as objects, only virtual clock 'virtual_clock' will be created. If you don't want this, please specify pin(s)/ports(s)/net(s) as objects to the command. [/home/rrr/XP/xup_fpga/lab3/lab3.srcs/constrs_1/imports/lab2/uart_led_timing_pynq.xdc:27]
INFO: [Timing 38-35] Done setting XDC timing constraints.
Phase 1.2 IO Placement/ Clock Placement/ Build Placer Device | Checksum: 12943fd35

Time (s): cpu = 00:00:00.78 ; elapsed = 00:00:00.45 . Memory (MB): peak = 2704.297 ; gain = 0.000 ; free physical = 1812 ; free virtual = 5418

Phase 1.3 Build Placer Netlist Model
Phase 1.3 Build Placer Netlist Model | Checksum: 13f51bec3

Time (s): cpu = 00:00:00.99 ; elapsed = 00:00:00.55 . Memory (MB): peak = 2704.297 ; gain = 0.000 ; free physical = 1816 ; free virtual = 5422

Phase 1.4 Constrain Clocks/Macros
Phase 1.4 Constrain Clocks/Macros | Checksum: 13f51bec3

Time (s): cpu = 00:00:01 ; elapsed = 00:00:00.55 . Memory (MB): peak = 2704.297 ; gain = 0.000 ; free physical = 1816 ; free virtual = 5422
Phase 1 Placer Initialization | Checksum: 13f51bec3

Time (s): cpu = 00:00:01 ; elapsed = 00:00:00.56 . Memory (MB): peak = 2704.297 ; gain = 0.000 ; free physical = 1816 ; free virtual = 5422

Phase 2 Global Placement

Phase 2.1 Floorplanning
Phase 2.1 Floorplanning | Checksum: 20f873f60

Time (s): cpu = 00:00:01 ; elapsed = 00:00:00.65 . Memory (MB): peak = 2704.297 ; gain = 0.000 ; free physical = 1809 ; free virtual = 5414

Phase 2.2 Update Timing before SLR Path Opt
Phase 2.2 Update Timing before SLR Path Opt | Checksum: 225ebb0a1

Time (s): cpu = 00:00:01 ; elapsed = 00:00:00.67 . Memory (MB): peak = 2704.297 ; gain = 0.000 ; free physical = 1810 ; free virtual = 5416

Phase 2.3 Post-Processing in Floorplanning
Phase 2.3 Post-Processing in Floorplanning | Checksum: 15f9adad8

Time (s): cpu = 00:00:01 ; elapsed = 00:00:00.68 . Memory (MB): peak = 2704.297 ; gain = 0.000 ; free physical = 1810 ; free virtual = 5416

Phase 2.4 Global Placement Core

Phase 2.4.1 UpdateTiming Before Physical Synthesis
Phase 2.4.1 UpdateTiming Before Physical Synthesis | Checksum: 175b66148

Time (s): cpu = 00:00:03 ; elapsed = 00:00:01 . Memory (MB): peak = 2704.297 ; gain = 0.000 ; free physical = 1784 ; free virtual = 5389

Phase 2.4.2 Physical Synthesis In Placer
INFO: [Physopt 32-1035] Found 0 LUTNM shape to break, 2 LUT instances to create LUTNM shape
INFO: [Physopt 32-1044] Break lutnm for timing: one critical 0, two critical 0, total 0, new lutff created 0
INFO: [Physopt 32-1138] End 1 Pass. Optimized 1 net or LUT. Breaked 0 LUT, combined 1 existing LUT and moved 0 existing LUT
INFO: [Physopt 32-65] No nets found for high-fanout optimization.
INFO: [Physopt 32-232] Optimized 0 net. Created 0 new instance.
INFO: [Physopt 32-775] End 1 Pass. Optimized 0 net or cell. Created 0 new cell, deleted 0 existing cell and moved 0 existing cell
INFO: [Physopt 32-456] No candidate cells for DSP register optimization found in the design.
INFO: [Physopt 32-775] End 2 Pass. Optimized 0 net or cell. Created 0 new cell, deleted 0 existing cell and moved 0 existing cell
INFO: [Physopt 32-1123] No candidate cells found for Shift Register to Pipeline optimization
INFO: [Physopt 32-775] End 2 Pass. Optimized 0 net or cell. Created 0 new cell, deleted 0 existing cell and moved 0 existing cell
INFO: [Physopt 32-677] No candidate cells for Shift Register optimization found in the design
INFO: [Physopt 32-775] End 1 Pass. Optimized 0 net or cell. Created 0 new cell, deleted 0 existing cell and moved 0 existing cell
INFO: [Physopt 32-526] No candidate cells for BRAM register optimization found in the design
INFO: [Physopt 32-775] End 1 Pass. Optimized 0 net or cell. Created 0 new cell, deleted 0 existing cell and moved 0 existing cell
INFO: [Physopt 32-846] No candidate cells for URAM register optimization found in the design
INFO: [Physopt 32-775] End 2 Pass. Optimized 0 net or cell. Created 0 new cell, deleted 0 existing cell and moved 0 existing cell
INFO: [Physopt 32-949] No candidate nets found for dynamic/static region interface net replication
INFO: [Physopt 32-775] End 1 Pass. Optimized 0 net or cell. Created 0 new cell, deleted 0 existing cell and moved 0 existing cell
Netlist sorting complete. Time (s): cpu = 00:00:00 ; elapsed = 00:00:00 . Memory (MB): peak = 2704.297 ; gain = 0.000 ; free physical = 1786 ; free virtual = 5391

Summary of Physical Synthesis Optimizations
============================================


-----------------------------------------------------------------------------------------------------------------------------------------------------------
|  Optimization                                     |  Added Cells  |  Removed Cells  |  Optimized Cells/Nets  |  Dont Touch  |  Iterations  |  Elapsed   |
-----------------------------------------------------------------------------------------------------------------------------------------------------------
|  LUT Combining                                    |            0  |              1  |                     1  |           0  |           1  |  00:00:00  |
|  Retime                                           |            0  |              0  |                     0  |           0  |           1  |  00:00:00  |
|  Very High Fanout                                 |            0  |              0  |                     0  |           0  |           1  |  00:00:00  |
|  DSP Register                                     |            0  |              0  |                     0  |           0  |           1  |  00:00:00  |
|  Shift Register to Pipeline                       |            0  |              0  |                     0  |           0  |           1  |  00:00:00  |
|  Shift Register                                   |            0  |              0  |                     0  |           0  |           1  |  00:00:00  |
|  BRAM Register                                    |            0  |              0  |                     0  |           0  |           1  |  00:00:00  |
|  URAM Register                                    |            0  |              0  |                     0  |           0  |           1  |  00:00:00  |
|  Dynamic/Static Region Interface Net Replication  |            0  |              0  |                     0  |           0  |           1  |  00:00:00  |
|  Total                                            |            0  |              1  |                     1  |           0  |           9  |  00:00:00  |
-----------------------------------------------------------------------------------------------------------------------------------------------------------


Phase 2.4.2 Physical Synthesis In Placer | Checksum: 1307be1be

Time (s): cpu = 00:00:03 ; elapsed = 00:00:01 . Memory (MB): peak = 2704.297 ; gain = 0.000 ; free physical = 1786 ; free virtual = 5391
Phase 2.4 Global Placement Core | Checksum: cfc26d65

Time (s): cpu = 00:00:03 ; elapsed = 00:00:01 . Memory (MB): peak = 2704.297 ; gain = 0.000 ; free physical = 1785 ; free virtual = 5390
Phase 2 Global Placement | Checksum: cfc26d65

Time (s): cpu = 00:00:03 ; elapsed = 00:00:01 . Memory (MB): peak = 2704.297 ; gain = 0.000 ; free physical = 1785 ; free virtual = 5390

Phase 3 Detail Placement

Phase 3.1 Commit Multi Column Macros
Phase 3.1 Commit Multi Column Macros | Checksum: 186f552f1

Time (s): cpu = 00:00:03 ; elapsed = 00:00:02 . Memory (MB): peak = 2704.297 ; gain = 0.000 ; free physical = 1785 ; free virtual = 5390

Phase 3.2 Commit Most Macros & LUTRAMs
Phase 3.2 Commit Most Macros & LUTRAMs | Checksum: e47fda3a

Time (s): cpu = 00:00:04 ; elapsed = 00:00:02 . Memory (MB): peak = 2704.297 ; gain = 0.000 ; free physical = 1784 ; free virtual = 5389

Phase 3.3 Area Swap Optimization
Phase 3.3 Area Swap Optimization | Checksum: 12aaa16ca

Time (s): cpu = 00:00:04 ; elapsed = 00:00:02 . Memory (MB): peak = 2704.297 ; gain = 0.000 ; free physical = 1784 ; free virtual = 5389

Phase 3.4 Pipeline Register Optimization
Phase 3.4 Pipeline Register Optimization | Checksum: 13f391d95

Time (s): cpu = 00:00:04 ; elapsed = 00:00:02 . Memory (MB): peak = 2704.297 ; gain = 0.000 ; free physical = 1784 ; free virtual = 5389

Phase 3.5 Fast Optimization
Phase 3.5 Fast Optimization | Checksum: 18db66c5f

Time (s): cpu = 00:00:04 ; elapsed = 00:00:02 . Memory (MB): peak = 2704.297 ; gain = 0.000 ; free physical = 1784 ; free virtual = 5389

Phase 3.6 Small Shape Detail Placement
Phase 3.6 Small Shape Detail Placement | Checksum: 1c4f4c6cd

Time (s): cpu = 00:00:04 ; elapsed = 00:00:02 . Memory (MB): peak = 2704.297 ; gain = 0.000 ; free physical = 1779 ; free virtual = 5385

Phase 3.7 Re-assign LUT pins
Phase 3.7 Re-assign LUT pins | Checksum: d1710457

Time (s): cpu = 00:00:04 ; elapsed = 00:00:02 . Memory (MB): peak = 2704.297 ; gain = 0.000 ; free physical = 1779 ; free virtual = 5385

Phase 3.8 Pipeline Register Optimization
Phase 3.8 Pipeline Register Optimization | Checksum: c66fd76f

Time (s): cpu = 00:00:04 ; elapsed = 00:00:02 . Memory (MB): peak = 2704.297 ; gain = 0.000 ; free physical = 1779 ; free virtual = 5385

Phase 3.9 Fast Optimization
Phase 3.9 Fast Optimization | Checksum: 71f573e4

Time (s): cpu = 00:00:04 ; elapsed = 00:00:02 . Memory (MB): peak = 2704.297 ; gain = 0.000 ; free physical = 1779 ; free virtual = 5384
Phase 3 Detail Placement | Checksum: 71f573e4

Time (s): cpu = 00:00:04 ; elapsed = 00:00:02 . Memory (MB): peak = 2704.297 ; gain = 0.000 ; free physical = 1779 ; free virtual = 5384

Phase 4 Post Placement Optimization and Clean-Up

Phase 4.1 Post Commit Optimization
INFO: [Constraints 18-483] create_clock: no pin(s)/port(s)/net(s) specified as objects, only virtual clock 'virtual_clock' will be created. If you don't want this, please specify pin(s)/ports(s)/net(s) as objects to the command. [/home/rrr/XP/xup_fpga/lab3/lab3.srcs/constrs_1/imports/lab2/uart_led_timing_pynq.xdc:27]
INFO: [Timing 38-35] Done setting XDC timing constraints.

Phase 4.1.1 Post Placement Optimization
Post Placement Optimization Initialization | Checksum: e9d315d0

Phase 4.1.1.1 BUFG Insertion

Starting Physical Synthesis Task

Phase 1 Physical Synthesis Initialization
INFO: [Physopt 32-721] Multithreading enabled for phys_opt_design using a maximum of 8 CPUs
INFO: [Physopt 32-619] Estimated Timing Summary | WNS=-7.897 | TNS=-61.752 |
Phase 1 Physical Synthesis Initialization | Checksum: 18991918b

Time (s): cpu = 00:00:00.02 ; elapsed = 00:00:00.02 . Memory (MB): peak = 2704.297 ; gain = 0.000 ; free physical = 1779 ; free virtual = 5384
INFO: [Place 46-56] BUFG insertion identified 0 candidate nets. Inserted BUFG: 0, Replicated BUFG Driver: 0, Skipped due to Placement/Routing Conflicts: 0, Skipped due to Timing Degradation: 0, Skipped due to Illegal Netlist: 0.
Ending Physical Synthesis Task | Checksum: 13509cff4

Time (s): cpu = 00:00:00.03 ; elapsed = 00:00:00.02 . Memory (MB): peak = 2704.297 ; gain = 0.000 ; free physical = 1779 ; free virtual = 5384
Phase 4.1.1.1 BUFG Insertion | Checksum: e9d315d0

Time (s): cpu = 00:00:04 ; elapsed = 00:00:02 . Memory (MB): peak = 2704.297 ; gain = 0.000 ; free physical = 1779 ; free virtual = 5384

Phase 4.1.1.2 Post Placement Timing Optimization
INFO: [Place 30-746] Post Placement Timing Summary WNS=-7.708. For the most accurate timing information please run report_timing.
Phase 4.1.1.2 Post Placement Timing Optimization | Checksum: dc16ec1f

Time (s): cpu = 00:00:06 ; elapsed = 00:00:04 . Memory (MB): peak = 2704.297 ; gain = 0.000 ; free physical = 1790 ; free virtual = 5395

Time (s): cpu = 00:00:06 ; elapsed = 00:00:04 . Memory (MB): peak = 2704.297 ; gain = 0.000 ; free physical = 1790 ; free virtual = 5395
Phase 4.1 Post Commit Optimization | Checksum: dc16ec1f

Time (s): cpu = 00:00:06 ; elapsed = 00:00:04 . Memory (MB): peak = 2704.297 ; gain = 0.000 ; free physical = 1790 ; free virtual = 5395

Phase 4.2 Post Placement Cleanup
Phase 4.2 Post Placement Cleanup | Checksum: dc16ec1f

Time (s): cpu = 00:00:06 ; elapsed = 00:00:04 . Memory (MB): peak = 2704.297 ; gain = 0.000 ; free physical = 1790 ; free virtual = 5395

Phase 4.3 Placer Reporting

Phase 4.3.1 Print Estimated Congestion
INFO: [Place 30-612] Post-Placement Estimated Congestion 
 ____________________________________________________
|           | Global Congestion | Short Congestion  |
| Direction | Region Size       | Region Size       |
|___________|___________________|___________________|
|      North|                1x1|                1x1|
|___________|___________________|___________________|
|      South|                1x1|                1x1|
|___________|___________________|___________________|
|       East|                1x1|                1x1|
|___________|___________________|___________________|
|       West|                1x1|                1x1|
|___________|___________________|___________________|

Phase 4.3.1 Print Estimated Congestion | Checksum: dc16ec1f

Time (s): cpu = 00:00:06 ; elapsed = 00:00:04 . Memory (MB): peak = 2704.297 ; gain = 0.000 ; free physical = 1790 ; free virtual = 5395
Phase 4.3 Placer Reporting | Checksum: dc16ec1f

Time (s): cpu = 00:00:06 ; elapsed = 00:00:04 . Memory (MB): peak = 2704.297 ; gain = 0.000 ; free physical = 1790 ; free virtual = 5395

Phase 4.4 Final Placement Cleanup
Netlist sorting complete. Time (s): cpu = 00:00:00 ; elapsed = 00:00:00 . Memory (MB): peak = 2704.297 ; gain = 0.000 ; free physical = 1790 ; free virtual = 5395

Time (s): cpu = 00:00:06 ; elapsed = 00:00:04 . Memory (MB): peak = 2704.297 ; gain = 0.000 ; free physical = 1790 ; free virtual = 5395
Phase 4 Post Placement Optimization and Clean-Up | Checksum: b1856ab4

Time (s): cpu = 00:00:06 ; elapsed = 00:00:04 . Memory (MB): peak = 2704.297 ; gain = 0.000 ; free physical = 1790 ; free virtual = 5395
Ending Placer Task | Checksum: a9c2ca95

Time (s): cpu = 00:00:06 ; elapsed = 00:00:04 . Memory (MB): peak = 2704.297 ; gain = 0.000 ; free physical = 1790 ; free virtual = 5395
INFO: [Common 17-83] Releasing license: Implementation
73 Infos, 0 Warnings, 0 Critical Warnings and 0 Errors encountered.
place_design completed successfully
INFO: [Timing 38-480] Writing timing data to binary archive.
Writing XDEF routing.
Writing XDEF routing logical nets.
Writing XDEF routing special nets.
Write XDEF Complete: Time (s): cpu = 00:00:00.21 ; elapsed = 00:00:00.08 . Memory (MB): peak = 2704.297 ; gain = 0.000 ; free physical = 1816 ; free virtual = 5423
INFO: [Common 17-1381] The checkpoint '/home/rrr/XP/xup_fpga/lab3/lab3.runs/impl_1/system_wrapper_placed.dcp' has been generated.
INFO: [runtcl-4] Executing : report_io -file system_wrapper_io_placed.rpt
report_io: Time (s): cpu = 00:00:00.16 ; elapsed = 00:00:00.19 . Memory (MB): peak = 2704.297 ; gain = 0.000 ; free physical = 1803 ; free virtual = 5409
INFO: [runtcl-4] Executing : report_utilization -file system_wrapper_utilization_placed.rpt -pb system_wrapper_utilization_placed.pb
INFO: [runtcl-4] Executing : report_control_sets -verbose -file system_wrapper_control_sets_placed.rpt
report_control_sets: Time (s): cpu = 00:00:00.07 ; elapsed = 00:00:00.12 . Memory (MB): peak = 2704.297 ; gain = 0.000 ; free physical = 1809 ; free virtual = 5415
Command: phys_opt_design
Attempting to get a license for feature 'Implementation' and/or device 'xc7z020'
INFO: [Common 17-349] Got license for feature 'Implementation' and/or device 'xc7z020'

Starting Initial Update Timing Task

Time (s): cpu = 00:00:00.08 ; elapsed = 00:00:00.05 . Memory (MB): peak = 2704.297 ; gain = 0.000 ; free physical = 1807 ; free virtual = 5413
INFO: [Vivado_Tcl 4-1435] PhysOpt_Tcl_Interface Runtime Before Starting Physical Synthesis Task | CPU: 0.09s |  WALL: 0.06s
Netlist sorting complete. Time (s): cpu = 00:00:00 ; elapsed = 00:00:00 . Memory (MB): peak = 2704.297 ; gain = 0.000 ; free physical = 1807 ; free virtual = 5413

Starting Physical Synthesis Task

Phase 1 Physical Synthesis Initialization
INFO: [Physopt 32-721] Multithreading enabled for phys_opt_design using a maximum of 8 CPUs
INFO: [Physopt 32-619] Estimated Timing Summary | WNS=-7.708 | TNS=-60.727 |
Phase 1 Physical Synthesis Initialization | Checksum: 1e4488205

Time (s): cpu = 00:00:00.28 ; elapsed = 00:00:00.16 . Memory (MB): peak = 2704.297 ; gain = 0.000 ; free physical = 1808 ; free virtual = 5414
INFO: [Physopt 32-619] Estimated Timing Summary | WNS=-7.708 | TNS=-60.727 |

Phase 2 DSP Register Optimization
INFO: [Physopt 32-456] No candidate cells for DSP register optimization found in the design.
INFO: [Physopt 32-775] End 2 Pass. Optimized 0 net or cell. Created 0 new cell, deleted 0 existing cell and moved 0 existing cell
Phase 2 DSP Register Optimization | Checksum: 1e4488205

Time (s): cpu = 00:00:00.3 ; elapsed = 00:00:00.18 . Memory (MB): peak = 2704.297 ; gain = 0.000 ; free physical = 1808 ; free virtual = 5414

Phase 3 Critical Path Optimization
INFO: [Physopt 32-619] Estimated Timing Summary | WNS=-7.708 | TNS=-60.727 |
INFO: [Physopt 32-702] Processed net system_i/uart_led_0/inst/led_ctl_i0/led_pins[2]. Optimizations did not improve timing on the net.
INFO: [Physopt 32-702] Processed net clk_pin_IBUF. Optimizations did not improve timing on the net.
INFO: [Physopt 32-702] Processed net clk_pin. Optimizations did not improve timing on the net.
INFO: [Physopt 32-702] Processed net system_i/uart_led_0/inst/led_ctl_i0/led_pins[2]. Optimizations did not improve timing on the net.
INFO: [Physopt 32-702] Processed net clk_pin_IBUF. Optimizations did not improve timing on the net.
INFO: [Physopt 32-702] Processed net clk_pin. Optimizations did not improve timing on the net.
INFO: [Physopt 32-619] Estimated Timing Summary | WNS=-7.708 | TNS=-60.727 |
Phase 3 Critical Path Optimization | Checksum: 1e4488205

Time (s): cpu = 00:00:00.6 ; elapsed = 00:00:00.36 . Memory (MB): peak = 2704.297 ; gain = 0.000 ; free physical = 1807 ; free virtual = 5413
Netlist sorting complete. Time (s): cpu = 00:00:00 ; elapsed = 00:00:00 . Memory (MB): peak = 2704.297 ; gain = 0.000 ; free physical = 1807 ; free virtual = 5413
INFO: [Physopt 32-603] Post Physical Optimization Timing Summary | WNS=-7.708 | TNS=-60.727 |

Summary of Physical Synthesis Optimizations
============================================


-------------------------------------------------------------------------------------------------------------------------------------------------------------
|  Optimization   |  WNS Gain (ns)  |  TNS Gain (ns)  |  Added Cells  |  Removed Cells  |  Optimized Cells/Nets  |  Dont Touch  |  Iterations  |  Elapsed   |
-------------------------------------------------------------------------------------------------------------------------------------------------------------
|  DSP Register   |          0.000  |          0.000  |            0  |              0  |                     0  |           0  |           1  |  00:00:00  |
|  Critical Path  |          0.000  |          0.000  |            0  |              0  |                     0  |           0  |           1  |  00:00:00  |
|  Total          |          0.000  |          0.000  |            0  |              0  |                     0  |           0  |           2  |  00:00:00  |
-------------------------------------------------------------------------------------------------------------------------------------------------------------


Netlist sorting complete. Time (s): cpu = 00:00:00 ; elapsed = 00:00:00 . Memory (MB): peak = 2704.297 ; gain = 0.000 ; free physical = 1807 ; free virtual = 5413
Ending Physical Synthesis Task | Checksum: 14a036f19

Time (s): cpu = 00:00:00.61 ; elapsed = 00:00:00.37 . Memory (MB): peak = 2704.297 ; gain = 0.000 ; free physical = 1807 ; free virtual = 5413
INFO: [Common 17-83] Releasing license: Implementation
95 Infos, 0 Warnings, 0 Critical Warnings and 0 Errors encountered.
phys_opt_design completed successfully
INFO: [Timing 38-480] Writing timing data to binary archive.
Writing XDEF routing.
Writing XDEF routing logical nets.
Writing XDEF routing special nets.
Write XDEF Complete: Time (s): cpu = 00:00:00.16 ; elapsed = 00:00:00.06 . Memory (MB): peak = 2704.297 ; gain = 0.000 ; free physical = 1803 ; free virtual = 5411
INFO: [Common 17-1381] The checkpoint '/home/rrr/XP/xup_fpga/lab3/lab3.runs/impl_1/system_wrapper_physopt.dcp' has been generated.
Command: route_design
Attempting to get a license for feature 'Implementation' and/or device 'xc7z020'
INFO: [Common 17-349] Got license for feature 'Implementation' and/or device 'xc7z020'
Running DRC as a precondition to command route_design
INFO: [DRC 23-27] Running DRC with 8 threads
INFO: [Vivado_Tcl 4-198] DRC finished with 0 Errors
INFO: [Vivado_Tcl 4-199] Please refer to the DRC report (report_drc) for more information.


Starting Routing Task
INFO: [Route 35-254] Multithreading enabled for route_design using a maximum of 8 CPUs

Phase 1 Build RT Design
Checksum: PlaceDB: 439e5dcb ConstDB: 0 ShapeSum: 645be291 RouteDB: 0
Post Restoration Checksum: NetGraph: b61829be NumContArr: 5301facd Constraints: 0 Timing: 0
Phase 1 Build RT Design | Checksum: 1091a248b

Time (s): cpu = 00:00:27 ; elapsed = 00:00:23 . Memory (MB): peak = 2736.559 ; gain = 32.262 ; free physical = 1690 ; free virtual = 5297

Phase 2 Router Initialization

Phase 2.1 Fix Topology Constraints
Phase 2.1 Fix Topology Constraints | Checksum: 1091a248b

Time (s): cpu = 00:00:27 ; elapsed = 00:00:23 . Memory (MB): peak = 2768.559 ; gain = 64.262 ; free physical = 1654 ; free virtual = 5261

Phase 2.2 Pre Route Cleanup
Phase 2.2 Pre Route Cleanup | Checksum: 1091a248b

Time (s): cpu = 00:00:27 ; elapsed = 00:00:23 . Memory (MB): peak = 2768.559 ; gain = 64.262 ; free physical = 1654 ; free virtual = 5261
 Number of Nodes with overlaps = 0

Phase 2.3 Update Timing
Phase 2.3 Update Timing | Checksum: 102ce72b9

Time (s): cpu = 00:00:27 ; elapsed = 00:00:24 . Memory (MB): peak = 2797.441 ; gain = 93.145 ; free physical = 1639 ; free virtual = 5246
INFO: [Route 35-416] Intermediate Timing Summary | WNS=-7.708 | TNS=-60.729| WHS=-2.348 | THS=-6.393 |


Router Utilization Summary
  Global Vertical Routing Utilization    = 0 %
  Global Horizontal Routing Utilization  = 0 %
  Routable Net Status*
  *Does not include unroutable nets such as driverless and loadless.
  Run report_route_status for detailed report.
  Number of Failed Nets               = 209
    (Failed Nets is the sum of unrouted and partially routed nets)
  Number of Unrouted Nets             = 209
  Number of Partially Routed Nets     = 0
  Number of Node Overlaps             = 0

Phase 2 Router Initialization | Checksum: 194e81855

Time (s): cpu = 00:00:28 ; elapsed = 00:00:24 . Memory (MB): peak = 2797.441 ; gain = 93.145 ; free physical = 1637 ; free virtual = 5244

Phase 3 Initial Routing

Phase 3.1 Global Routing
Phase 3.1 Global Routing | Checksum: 194e81855

Time (s): cpu = 00:00:28 ; elapsed = 00:00:24 . Memory (MB): peak = 2797.441 ; gain = 93.145 ; free physical = 1637 ; free virtual = 5244
Phase 3 Initial Routing | Checksum: 10d6f761b

Time (s): cpu = 00:00:28 ; elapsed = 00:00:24 . Memory (MB): peak = 2797.441 ; gain = 93.145 ; free physical = 1638 ; free virtual = 5245
INFO: [Route 35-580] Design has 2 pins with tight setup and hold constraints.

The top 5 pins with tight setup and hold constraints:

+====================+===================+===============================================================+
| Launch Setup Clock | Launch Hold Clock | Pin                                                           |
+====================+===================+===============================================================+
| virtual_clock      | virtual_clock     | system_i/uart_led_0/inst/meta_harden_rst_i0/signal_meta_reg/D |
| virtual_clock      | virtual_clock     | system_i/uart_led_0/inst/meta_harden_btn_i0/signal_meta_reg/D |
+--------------------+-------------------+---------------------------------------------------------------+

File with complete list of pins: tight_setup_hold_pins.txt


Phase 4 Rip-up And Reroute

Phase 4.1 Global Iteration 0
 Number of Nodes with overlaps = 1
 Number of Nodes with overlaps = 0
INFO: [Route 35-416] Intermediate Timing Summary | WNS=-7.718 | TNS=-61.965| WHS=N/A    | THS=N/A    |

Phase 4.1 Global Iteration 0 | Checksum: 12072fb47

Time (s): cpu = 00:00:28 ; elapsed = 00:00:24 . Memory (MB): peak = 2797.441 ; gain = 93.145 ; free physical = 1638 ; free virtual = 5245

Phase 4.2 Global Iteration 1
 Number of Nodes with overlaps = 0
INFO: [Route 35-416] Intermediate Timing Summary | WNS=-7.718 | TNS=-61.785| WHS=N/A    | THS=N/A    |

Phase 4.2 Global Iteration 1 | Checksum: 194795edd

Time (s): cpu = 00:00:28 ; elapsed = 00:00:24 . Memory (MB): peak = 2797.441 ; gain = 93.145 ; free physical = 1638 ; free virtual = 5245
Phase 4 Rip-up And Reroute | Checksum: 194795edd

Time (s): cpu = 00:00:28 ; elapsed = 00:00:24 . Memory (MB): peak = 2797.441 ; gain = 93.145 ; free physical = 1638 ; free virtual = 5245

Phase 5 Delay and Skew Optimization

Phase 5.1 Delay CleanUp

Phase 5.1.1 Update Timing
Phase 5.1.1 Update Timing | Checksum: eb46ed2e

Time (s): cpu = 00:00:28 ; elapsed = 00:00:24 . Memory (MB): peak = 2797.441 ; gain = 93.145 ; free physical = 1638 ; free virtual = 5245
INFO: [Route 35-416] Intermediate Timing Summary | WNS=-7.718 | TNS=-61.785| WHS=N/A    | THS=N/A    |

 Number of Nodes with overlaps = 0
Phase 5.1 Delay CleanUp | Checksum: 15d14abcc

Time (s): cpu = 00:00:28 ; elapsed = 00:00:24 . Memory (MB): peak = 2797.441 ; gain = 93.145 ; free physical = 1638 ; free virtual = 5245

Phase 5.2 Clock Skew Optimization
Phase 5.2 Clock Skew Optimization | Checksum: 15d14abcc

Time (s): cpu = 00:00:28 ; elapsed = 00:00:24 . Memory (MB): peak = 2797.441 ; gain = 93.145 ; free physical = 1638 ; free virtual = 5245
Phase 5 Delay and Skew Optimization | Checksum: 15d14abcc

Time (s): cpu = 00:00:28 ; elapsed = 00:00:24 . Memory (MB): peak = 2797.441 ; gain = 93.145 ; free physical = 1638 ; free virtual = 5245

Phase 6 Post Hold Fix

Phase 6.1 Hold Fix Iter

Phase 6.1.1 Update Timing
Phase 6.1.1 Update Timing | Checksum: 10fd9f58e

Time (s): cpu = 00:00:29 ; elapsed = 00:00:24 . Memory (MB): peak = 2797.441 ; gain = 93.145 ; free physical = 1638 ; free virtual = 5245
INFO: [Route 35-416] Intermediate Timing Summary | WNS=-7.718 | TNS=-61.785| WHS=0.077  | THS=0.000  |

Phase 6.1 Hold Fix Iter | Checksum: 10fd9f58e

Time (s): cpu = 00:00:29 ; elapsed = 00:00:24 . Memory (MB): peak = 2797.441 ; gain = 93.145 ; free physical = 1638 ; free virtual = 5245
Phase 6 Post Hold Fix | Checksum: 10fd9f58e

Time (s): cpu = 00:00:29 ; elapsed = 00:00:24 . Memory (MB): peak = 2797.441 ; gain = 93.145 ; free physical = 1638 ; free virtual = 5245

Phase 7 Route finalize

Router Utilization Summary
  Global Vertical Routing Utilization    = 0.0331884 %
  Global Horizontal Routing Utilization  = 0.0460615 %
  Routable Net Status*
  *Does not include unroutable nets such as driverless and loadless.
  Run report_route_status for detailed report.
  Number of Failed Nets               = 0
    (Failed Nets is the sum of unrouted and partially routed nets)
  Number of Unrouted Nets             = 0
  Number of Partially Routed Nets     = 0
  Number of Node Overlaps             = 0

Congestion Report
North Dir 1x1 Area, Max Cong = 23.4234%, No Congested Regions.
South Dir 1x1 Area, Max Cong = 16.2162%, No Congested Regions.
East Dir 1x1 Area, Max Cong = 23.5294%, No Congested Regions.
West Dir 1x1 Area, Max Cong = 20.5882%, No Congested Regions.

------------------------------
Reporting congestion hotspots
------------------------------
Direction: North
----------------
Congested clusters found at Level 0
Effective congestion level: 0 Aspect Ratio: 1 Sparse Ratio: 0
Direction: South
----------------
Congested clusters found at Level 0
Effective congestion level: 0 Aspect Ratio: 1 Sparse Ratio: 0
Direction: East
----------------
Congested clusters found at Level 0
Effective congestion level: 0 Aspect Ratio: 1 Sparse Ratio: 0
Direction: West
----------------
Congested clusters found at Level 0
Effective congestion level: 0 Aspect Ratio: 1 Sparse Ratio: 0

Phase 7 Route finalize | Checksum: 19bc42bd7

Time (s): cpu = 00:00:29 ; elapsed = 00:00:24 . Memory (MB): peak = 2797.441 ; gain = 93.145 ; free physical = 1638 ; free virtual = 5245

Phase 8 Verifying routed nets

 Verification completed successfully
Phase 8 Verifying routed nets | Checksum: 19bc42bd7

Time (s): cpu = 00:00:29 ; elapsed = 00:00:24 . Memory (MB): peak = 2797.441 ; gain = 93.145 ; free physical = 1637 ; free virtual = 5244

Phase 9 Depositing Routes
Phase 9 Depositing Routes | Checksum: 1528f9ce2

Time (s): cpu = 00:00:29 ; elapsed = 00:00:24 . Memory (MB): peak = 2813.449 ; gain = 109.152 ; free physical = 1637 ; free virtual = 5244

Phase 10 Post Router Timing
INFO: [Route 35-57] Estimated Timing Summary | WNS=-7.718 | TNS=-61.785| WHS=0.077  | THS=0.000  |

WARNING: [Route 35-328] Router estimated timing not met.
Resolution: For a complete and accurate timing signoff, report_timing_summary must be run after route_design. Alternatively, route_design can be run with the -timing_summary option to enable a complete timing signoff at the end of route_design.
Phase 10 Post Router Timing | Checksum: 1528f9ce2

Time (s): cpu = 00:00:29 ; elapsed = 00:00:24 . Memory (MB): peak = 2813.449 ; gain = 109.152 ; free physical = 1637 ; free virtual = 5244
INFO: [Route 35-16] Router Completed Successfully

Time (s): cpu = 00:00:29 ; elapsed = 00:00:24 . Memory (MB): peak = 2813.449 ; gain = 109.152 ; free physical = 1684 ; free virtual = 5291

Routing Is Done.
INFO: [Common 17-83] Releasing license: Implementation
111 Infos, 1 Warnings, 0 Critical Warnings and 0 Errors encountered.
route_design completed successfully
route_design: Time (s): cpu = 00:00:30 ; elapsed = 00:00:25 . Memory (MB): peak = 2813.449 ; gain = 109.152 ; free physical = 1684 ; free virtual = 5291
INFO: [Timing 38-480] Writing timing data to binary archive.
Writing XDEF routing.
Writing XDEF routing logical nets.
Writing XDEF routing special nets.
Write XDEF Complete: Time (s): cpu = 00:00:00.16 ; elapsed = 00:00:00.06 . Memory (MB): peak = 2813.449 ; gain = 0.000 ; free physical = 1681 ; free virtual = 5290
INFO: [Common 17-1381] The checkpoint '/home/rrr/XP/xup_fpga/lab3/lab3.runs/impl_1/system_wrapper_routed.dcp' has been generated.
INFO: [runtcl-4] Executing : report_drc -file system_wrapper_drc_routed.rpt -pb system_wrapper_drc_routed.pb -rpx system_wrapper_drc_routed.rpx
Command: report_drc -file system_wrapper_drc_routed.rpt -pb system_wrapper_drc_routed.pb -rpx system_wrapper_drc_routed.rpx
INFO: [IP_Flow 19-1839] IP Catalog is up to date.
INFO: [DRC 23-27] Running DRC with 8 threads
INFO: [Vivado_Tcl 2-168] The results of DRC are in file /home/rrr/XP/xup_fpga/lab3/lab3.runs/impl_1/system_wrapper_drc_routed.rpt.
report_drc completed successfully
INFO: [runtcl-4] Executing : report_methodology -file system_wrapper_methodology_drc_routed.rpt -pb system_wrapper_methodology_drc_routed.pb -rpx system_wrapper_methodology_drc_routed.rpx
Command: report_methodology -file system_wrapper_methodology_drc_routed.rpt -pb system_wrapper_methodology_drc_routed.pb -rpx system_wrapper_methodology_drc_routed.rpx
INFO: [Constraints 18-483] create_clock: no pin(s)/port(s)/net(s) specified as objects, only virtual clock 'virtual_clock' will be created. If you don't want this, please specify pin(s)/ports(s)/net(s) as objects to the command. [/home/rrr/XP/xup_fpga/lab3/lab3.srcs/constrs_1/imports/lab2/uart_led_timing_pynq.xdc:27]
INFO: [Timing 38-35] Done setting XDC timing constraints.
INFO: [DRC 23-133] Running Methodology with 8 threads
INFO: [Vivado_Tcl 2-1520] The results of Report Methodology are in file /home/rrr/XP/xup_fpga/lab3/lab3.runs/impl_1/system_wrapper_methodology_drc_routed.rpt.
report_methodology completed successfully
INFO: [runtcl-4] Executing : report_power -file system_wrapper_power_routed.rpt -pb system_wrapper_power_summary_routed.pb -rpx system_wrapper_power_routed.rpx
Command: report_power -file system_wrapper_power_routed.rpt -pb system_wrapper_power_summary_routed.pb -rpx system_wrapper_power_routed.rpx
INFO: [Constraints 18-483] create_clock: no pin(s)/port(s)/net(s) specified as objects, only virtual clock 'virtual_clock' will be created. If you don't want this, please specify pin(s)/ports(s)/net(s) as objects to the command. [/home/rrr/XP/xup_fpga/lab3/lab3.srcs/constrs_1/imports/lab2/uart_led_timing_pynq.xdc:27]
INFO: [Timing 38-35] Done setting XDC timing constraints.
Running Vector-less Activity Propagation...

Finished Running Vector-less Activity Propagation
125 Infos, 1 Warnings, 0 Critical Warnings and 0 Errors encountered.
report_power completed successfully
INFO: [runtcl-4] Executing : report_route_status -file system_wrapper_route_status.rpt -pb system_wrapper_route_status.pb
INFO: [runtcl-4] Executing : report_timing_summary -max_paths 10 -report_unconstrained -file system_wrapper_timing_summary_routed.rpt -pb system_wrapper_timing_summary_routed.pb -rpx system_wrapper_timing_summary_routed.rpx -warn_on_violation 
INFO: [Timing 38-91] UpdateTimingParams: Speed grade: -1, Delay Type: min_max.
INFO: [Timing 38-191] Multithreading enabled for timing update using a maximum of 8 CPUs
CRITICAL WARNING: [Timing 38-282] The design failed to meet the timing requirements. Please see the timing summary report for details on the timing violations.
INFO: [runtcl-4] Executing : report_incremental_reuse -file system_wrapper_incremental_reuse_routed.rpt
INFO: [Vivado_Tcl 4-1062] Incremental flow is disabled. No incremental reuse Info to report.
INFO: [runtcl-4] Executing : report_clock_utilization -file system_wrapper_clock_utilization_routed.rpt
INFO: [runtcl-4] Executing : report_bus_skew -warn_on_violation -file system_wrapper_bus_skew_routed.rpt -pb system_wrapper_bus_skew_routed.pb -rpx system_wrapper_bus_skew_routed.rpx
INFO: [Timing 38-91] UpdateTimingParams: Speed grade: -1, Delay Type: min_max.
INFO: [Timing 38-191] Multithreading enabled for timing update using a maximum of 8 CPUs
INFO: [Common 17-206] Exiting Vivado at Sun Feb 11 00:08:45 2024...

*** Running vivado
    with args -log system_wrapper.vdi -applog -m64 -product Vivado -messageDb vivado.pb -mode batch -source system_wrapper.tcl -notrace


****** Vivado v2022.2 (64-bit)
  **** SW Build 3671981 on Fri Oct 14 04:59:54 MDT 2022
  **** IP Build 3669848 on Fri Oct 14 08:30:02 MDT 2022
    ** Copyright 1986-2022 Xilinx, Inc. All Rights Reserved.

source system_wrapper.tcl -notrace
Command: open_checkpoint system_wrapper_routed.dcp
INFO: [Device 21-403] Loading part xc7z020clg400-1
Netlist sorting complete. Time (s): cpu = 00:00:00.01 ; elapsed = 00:00:00.01 . Memory (MB): peak = 1592.199 ; gain = 0.000 ; free physical = 2670 ; free virtual = 6282
INFO: [Project 1-479] Netlist was created with Vivado 2022.2
INFO: [Project 1-570] Preparing netlist for logic optimization
INFO: [Timing 38-478] Restoring timing data from binary archive.
INFO: [Timing 38-479] Binary timing data restore complete.
INFO: [Project 1-856] Restoring constraints from binary archive.
INFO: [Project 1-853] Binary constraint restore complete.
Reading XDEF placement.
Reading placer database...
Reading XDEF routing.
Read XDEF Files: Time (s): cpu = 00:00:00.17 ; elapsed = 00:00:00.2 . Memory (MB): peak = 2170.527 ; gain = 6.938 ; free physical = 2147 ; free virtual = 5759
Restored from archive | CPU: 0.210000 secs | Memory: 1.645599 MB |
Finished XDEF File Restore: Time (s): cpu = 00:00:00.17 ; elapsed = 00:00:00.2 . Memory (MB): peak = 2170.527 ; gain = 6.938 ; free physical = 2147 ; free virtual = 5759
Netlist sorting complete. Time (s): cpu = 00:00:00 ; elapsed = 00:00:00 . Memory (MB): peak = 2170.527 ; gain = 0.000 ; free physical = 2147 ; free virtual = 5759
INFO: [Project 1-111] Unisim Transformation Summary:
No Unisim elements were transformed.

INFO: [Project 1-604] Checkpoint was created with Vivado v2022.2 (64-bit) build 3671981
OpenCheckpoint Checksum | Checksum: dbac000b
----- Checksum: PlaceDB: 090dbe84 ShapeSum: 645be291 RouteDB: 6e425ef6 
open_checkpoint: Time (s): cpu = 00:00:21 ; elapsed = 00:00:22 . Memory (MB): peak = 2170.527 ; gain = 855.766 ; free physical = 2147 ; free virtual = 5759
Command: write_bitstream -force system_wrapper.bit
Attempting to get a license for feature 'Implementation' and/or device 'xc7z020'
INFO: [Common 17-349] Got license for feature 'Implementation' and/or device 'xc7z020'
Running DRC as a precondition to command write_bitstream
INFO: [IP_Flow 19-234] Refreshing IP repositories
INFO: [IP_Flow 19-1704] No user IP repositories specified
INFO: [IP_Flow 19-2313] Loaded Vivado IP repository '/tools/Xilinx/Vivado/2022.2/data/ip'.
INFO: [DRC 23-27] Running DRC with 8 threads
INFO: [Vivado 12-3199] DRC finished with 0 Errors
INFO: [Vivado 12-3200] Please refer to the DRC report (report_drc) for more information.
INFO: [Designutils 20-2272] Running write_bitstream with 8 threads.
Loading data files...
Loading site data...
Loading route data...
Processing options...
Creating bitmap...
Creating bitstream...
Writing bitstream ./system_wrapper.bit...
INFO: [Vivado 12-1842] Bitgen Completed Successfully.
INFO: [Project 1-1876] WebTalk data collection is mandatory when using a ULT device. To see the specific WebTalk data collected for your design, open the usage_statistics_webtalk.html or usage_statistics_webtalk.xml file in the implementation directory.
INFO: [Common 17-83] Releasing license: Implementation
20 Infos, 0 Warnings, 0 Critical Warnings and 0 Errors encountered.
write_bitstream completed successfully
write_bitstream: Time (s): cpu = 00:00:13 ; elapsed = 00:00:20 . Memory (MB): peak = 2647.961 ; gain = 477.434 ; free physical = 2057 ; free virtual = 5679
INFO: [Common 17-206] Exiting Vivado at Sun Feb 11 00:13:45 2024...
